\BOOKMARK [0][-]{dummy.3}{\376\377\000\315\000n\000d\000i\000c\000e\000\040\000g\000e\000n\000e\000r\000a\000l}{}% 1
\BOOKMARK [0][-]{dummy.5}{\376\377\000\315\000n\000d\000i\000c\000e\000\040\000d\000e\000\040\000f\000i\000g\000u\000r\000a\000s}{}% 2
\BOOKMARK [0][-]{dummy.7}{\376\377\000\315\000n\000d\000i\000c\000e\000\040\000d\000e\000\040\000t\000a\000b\000l\000a\000s}{}% 3
\BOOKMARK [0][-]{chapter.9}{\376\377\0001\000\040\000I\000n\000t\000r\000o\000d\000u\000c\000c\000i\000\363\000n}{}% 4
\BOOKMARK [1][-]{section.10}{\376\377\0001\000.\0001\000\040\000P\000r\000o\000b\000l\000e\000m\000\341\000t\000i\000c\000a}{chapter.9}% 5
\BOOKMARK [1][-]{section.11}{\376\377\0001\000.\0002\000\040\000S\000o\000l\000u\000c\000i\000\363\000n\000\040\000P\000r\000o\000p\000u\000e\000s\000t\000a}{chapter.9}% 6
\BOOKMARK [1][-]{section.13}{\376\377\0001\000.\0003\000\040\000A\000l\000c\000a\000n\000c\000e\000s\000\040\000y\000\040\000L\000i\000m\000i\000t\000a\000c\000i\000o\000n\000e\000s}{chapter.9}% 7
\BOOKMARK [1][-]{section.14}{\376\377\0001\000.\0004\000\040\000O\000b\000j\000e\000t\000i\000v\000o\000\040\000G\000e\000n\000e\000r\000a\000l}{chapter.9}% 8
\BOOKMARK [1][-]{section.15}{\376\377\0001\000.\0005\000\040\000O\000b\000j\000e\000t\000i\000v\000o\000s\000\040\000E\000s\000p\000e\000c\000\355\000f\000i\000c\000o\000s}{chapter.9}% 9
\BOOKMARK [1][-]{section.16}{\376\377\0001\000.\0006\000\040\000J\000u\000s\000t\000i\000f\000i\000c\000a\000c\000i\000\363\000n}{chapter.9}% 10
\BOOKMARK [0][-]{chapter.20}{\376\377\0002\000\040\000E\000s\000t\000a\000d\000o\000\040\000d\000e\000l\000\040\000A\000r\000t\000e}{}% 11
\BOOKMARK [0][-]{chapter.24}{\376\377\0003\000\040\000M\000a\000r\000c\000o\000\040\000T\000e\000\363\000r\000i\000c\000o}{}% 12
\BOOKMARK [1][-]{section.25}{\376\377\0003\000.\0001\000\040\000A\000p\000l\000i\000c\000a\000c\000i\000\363\000n\000\040\000M\000\363\000v\000i\000l}{chapter.24}% 13
\BOOKMARK [1][-]{section.26}{\376\377\0003\000.\0002\000\040\000C\000\363\000m\000p\000u\000t\000o\000\040\000M\000\363\000v\000i\000l}{chapter.24}% 14
\BOOKMARK [2][-]{subsection.27}{\376\377\0003\000.\0002\000.\0001\000\040\000C\000a\000r\000a\000c\000t\000e\000r\000\355\000s\000t\000i\000c\000a\000s\000\040\000d\000e\000\040\000l\000a\000\040\000C\000o\000m\000p\000u\000t\000a\000c\000i\000\363\000n\000\040\000M\000\363\000v\000i\000l}{section.26}% 15
\BOOKMARK [1][-]{section.28}{\376\377\0003\000.\0003\000\040\000C\000\363\000m\000p\000u\000t\000o\000\040\000U\000b\000i\000c\000u\000o}{chapter.24}% 16
\BOOKMARK [1][-]{section.30}{\376\377\0003\000.\0004\000\040\000G\000P\000S}{chapter.24}% 17
\BOOKMARK [2][-]{subsection.31}{\376\377\0003\000.\0004\000.\0001\000\040\000F\000u\000n\000c\000i\000o\000n\000a\000m\000i\000e\000n\000t\000o\000\040\000G\000P\000S}{section.30}% 18
\BOOKMARK [1][-]{section.32}{\376\377\0003\000.\0005\000\040\000I\000L\000S\000\040\000\050\000I\000n\000d\000o\000o\000r\000\040\000L\000o\000c\000a\000t\000i\000o\000n\000\040\000S\000y\000s\000t\000e\000m\000s\000\051\000\040\000S\000i\000s\000t\000e\000m\000a\000s\000\040\000d\000e\000\040\000L\000o\000c\000a\000l\000i\000z\000a\000c\000i\000\363\000n\000\040\000e\000n\000\040\000I\000n\000t\000e\000r\000i\000o\000r\000e\000s}{chapter.24}% 19
\BOOKMARK [2][-]{subsection.33}{\376\377\0003\000.\0005\000.\0001\000\040\000C\000l\000a\000s\000i\000f\000i\000c\000a\000c\000i\000\363\000n\000\040\000d\000e\000\040\000l\000o\000s\000\040\000s\000i\000s\000t\000e\000m\000a\000s\000\040\000I\000L\000S}{section.32}% 20
\BOOKMARK [2][-]{subsection.34}{\376\377\0003\000.\0005\000.\0002\000\040\000D\000i\000s\000t\000i\000n\000t\000a\000s\000\040\000s\000o\000l\000u\000c\000i\000o\000n\000e\000s\000\040\000t\000\351\000c\000n\000i\000c\000a\000s}{section.32}% 21
\BOOKMARK [3][-]{subsubsection.35}{\376\377\0003\000.\0005\000.\0002\000.\0001\000\040\000I\000d\000e\000n\000t\000i\000f\000i\000c\000a\000c\000i\000\363\000n\000\040\000p\000o\000r\000\040\000r\000a\000d\000i\000o\000f\000r\000e\000c\000u\000e\000n\000c\000i\000a}{subsection.34}% 22
\BOOKMARK [3][-]{subsubsection.36}{\376\377\0003\000.\0005\000.\0002\000.\0002\000\040\000I\000n\000f\000r\000a\000r\000r\000o\000j\000o\000s}{subsection.34}% 23
\BOOKMARK [3][-]{subsubsection.37}{\376\377\0003\000.\0005\000.\0002\000.\0003\000\040\000P\000i\000n\000p\000o\000i\000n\000t\000\040\0003\000D\000-\000I\000D\000\040\000d\000e\000\040\000R\000F\000\040\000t\000e\000c\000h\000n\000o\000l\000o\000g\000i\000e\000s}{subsection.34}% 24
\BOOKMARK [3][-]{subsubsection.38}{\376\377\0003\000.\0005\000.\0002\000.\0004\000\040\000R\000a\000d\000a\000r}{subsection.34}% 25
\BOOKMARK [3][-]{subsubsection.39}{\376\377\0003\000.\0005\000.\0002\000.\0005\000\040\000U\000l\000t\000r\000a\000s\000o\000n\000i\000d\000o\000s}{subsection.34}% 26
\BOOKMARK [3][-]{subsubsection.40}{\376\377\0003\000.\0005\000.\0002\000.\0006\000\040\000V\000i\000s\000i\000\363\000n\000\040\000A\000r\000t\000i\000f\000i\000c\000i\000a\000l}{subsection.34}% 27
\BOOKMARK [3][-]{subsubsection.41}{\376\377\0003\000.\0005\000.\0002\000.\0007\000\040\000Z\000i\000g\000b\000e\000e}{subsection.34}% 28
\BOOKMARK [3][-]{subsubsection.42}{\376\377\0003\000.\0005\000.\0002\000.\0008\000\040\000C\000a\000m\000p\000o\000\040\000m\000a\000g\000n\000\351\000t\000i\000c\000o}{subsection.34}% 29
\BOOKMARK [1][-]{section.45}{\376\377\0003\000.\0006\000\040\000A\000n\000d\000r\000o\000i\000d}{chapter.24}% 30
\BOOKMARK [2][-]{subsection.47}{\376\377\0003\000.\0006\000.\0001\000\040\000C\000a\000r\000a\000c\000t\000e\000r\000\355\000s\000t\000i\000c\000a\000s\000\040\000d\000e\000\040\000A\000n\000d\000r\000o\000i\000d}{section.45}% 31
\BOOKMARK [0][-]{chapter.48}{\376\377\0004\000\040\000M\000a\000r\000c\000o\000\040\000M\000e\000t\000o\000d\000o\000l\000\363\000g\000i\000c\000o}{}% 32
\BOOKMARK [0][-]{chapter*.50}{\376\377\000B\000i\000b\000l\000i\000o\000g\000r\000a\000f\000\355\000a}{}% 33
