This is pdfTeX, Version 3.1415926-2.5-1.40.14 (TeX Live 2013) (format=pdflatex 2013.5.30)  26 JAN 2015 05:24
entering extended mode
 restricted \write18 enabled.
 %&-line parsing enabled.
**main.tex
(./main.tex
LaTeX2e <2011/06/27>
Babel <3.9f> and hyphenation patterns for 78 languages loaded.
(./Thesis.cls
Document Class: Thesis 2007/22/02 v1.0 LaTeX document class
(/usr/local/texlive/2013/texmf-dist/tex/latex/base/book.cls
Document Class: book 2007/10/19 v1.4h Standard LaTeX document class
(/usr/local/texlive/2013/texmf-dist/tex/latex/base/bk12.clo
File: bk12.clo 2007/10/19 v1.4h Standard LaTeX file (size option)
)
\c@part=\count79
\c@chapter=\count80
\c@section=\count81
\c@subsection=\count82
\c@subsubsection=\count83
\c@paragraph=\count84
\c@subparagraph=\count85
\c@figure=\count86
\c@table=\count87
\abovecaptionskip=\skip41
\belowcaptionskip=\skip42
\bibindent=\dimen102
)
(/usr/local/texlive/2013/texmf-dist/tex/latex/setspace/setspace.sty
Package: setspace 2011/12/19 v6.7a set line spacing
)
(/usr/local/texlive/2013/texmf-dist/tex/latex/vmargin/vmargin.sty
Package: vmargin 2004/07/15 V2.5 set document margins (VK)

Package: vmargin 2004/07/15 V2.5 set document margins (VK)
\PaperWidth=\dimen103
\PaperHeight=\dimen104
) (/usr/local/texlive/2013/texmf-dist/tex/latex/base/inputenc.sty
Package: inputenc 2008/03/30 v1.1d Input encoding file
\inpenc@prehook=\toks14
\inpenc@posthook=\toks15

(/usr/local/texlive/2013/texmf-dist/tex/latex/base/utf8.def
File: utf8.def 2008/04/05 v1.1m UTF-8 support for inputenc
Now handling font encoding OML ...
... no UTF-8 mapping file for font encoding OML
Now handling font encoding T1 ...
... processing UTF-8 mapping file for font encoding T1

(/usr/local/texlive/2013/texmf-dist/tex/latex/base/t1enc.dfu
File: t1enc.dfu 2008/04/05 v1.1m UTF-8 support for inputenc
   defining Unicode char U+00A1 (decimal 161)
   defining Unicode char U+00A3 (decimal 163)
   defining Unicode char U+00AB (decimal 171)
   defining Unicode char U+00BB (decimal 187)
   defining Unicode char U+00BF (decimal 191)
   defining Unicode char U+00C0 (decimal 192)
   defining Unicode char U+00C1 (decimal 193)
   defining Unicode char U+00C2 (decimal 194)
   defining Unicode char U+00C3 (decimal 195)
   defining Unicode char U+00C4 (decimal 196)
   defining Unicode char U+00C5 (decimal 197)
   defining Unicode char U+00C6 (decimal 198)
   defining Unicode char U+00C7 (decimal 199)
   defining Unicode char U+00C8 (decimal 200)
   defining Unicode char U+00C9 (decimal 201)
   defining Unicode char U+00CA (decimal 202)
   defining Unicode char U+00CB (decimal 203)
   defining Unicode char U+00CC (decimal 204)
   defining Unicode char U+00CD (decimal 205)
   defining Unicode char U+00CE (decimal 206)
   defining Unicode char U+00CF (decimal 207)
   defining Unicode char U+00D0 (decimal 208)
   defining Unicode char U+00D1 (decimal 209)
   defining Unicode char U+00D2 (decimal 210)
   defining Unicode char U+00D3 (decimal 211)
   defining Unicode char U+00D4 (decimal 212)
   defining Unicode char U+00D5 (decimal 213)
   defining Unicode char U+00D6 (decimal 214)
   defining Unicode char U+00D8 (decimal 216)
   defining Unicode char U+00D9 (decimal 217)
   defining Unicode char U+00DA (decimal 218)
   defining Unicode char U+00DB (decimal 219)
   defining Unicode char U+00DC (decimal 220)
   defining Unicode char U+00DD (decimal 221)
   defining Unicode char U+00DE (decimal 222)
   defining Unicode char U+00DF (decimal 223)
   defining Unicode char U+00E0 (decimal 224)
   defining Unicode char U+00E1 (decimal 225)
   defining Unicode char U+00E2 (decimal 226)
   defining Unicode char U+00E3 (decimal 227)
   defining Unicode char U+00E4 (decimal 228)
   defining Unicode char U+00E5 (decimal 229)
   defining Unicode char U+00E6 (decimal 230)
   defining Unicode char U+00E7 (decimal 231)
   defining Unicode char U+00E8 (decimal 232)
   defining Unicode char U+00E9 (decimal 233)
   defining Unicode char U+00EA (decimal 234)
   defining Unicode char U+00EB (decimal 235)
   defining Unicode char U+00EC (decimal 236)
   defining Unicode char U+00ED (decimal 237)
   defining Unicode char U+00EE (decimal 238)
   defining Unicode char U+00EF (decimal 239)
   defining Unicode char U+00F0 (decimal 240)
   defining Unicode char U+00F1 (decimal 241)
   defining Unicode char U+00F2 (decimal 242)
   defining Unicode char U+00F3 (decimal 243)
   defining Unicode char U+00F4 (decimal 244)
   defining Unicode char U+00F5 (decimal 245)
   defining Unicode char U+00F6 (decimal 246)
   defining Unicode char U+00F8 (decimal 248)
   defining Unicode char U+00F9 (decimal 249)
   defining Unicode char U+00FA (decimal 250)
   defining Unicode char U+00FB (decimal 251)
   defining Unicode char U+00FC (decimal 252)
   defining Unicode char U+00FD (decimal 253)
   defining Unicode char U+00FE (decimal 254)
   defining Unicode char U+00FF (decimal 255)
   defining Unicode char U+0102 (decimal 258)
   defining Unicode char U+0103 (decimal 259)
   defining Unicode char U+0104 (decimal 260)
   defining Unicode char U+0105 (decimal 261)
   defining Unicode char U+0106 (decimal 262)
   defining Unicode char U+0107 (decimal 263)
   defining Unicode char U+010C (decimal 268)
   defining Unicode char U+010D (decimal 269)
   defining Unicode char U+010E (decimal 270)
   defining Unicode char U+010F (decimal 271)
   defining Unicode char U+0110 (decimal 272)
   defining Unicode char U+0111 (decimal 273)
   defining Unicode char U+0118 (decimal 280)
   defining Unicode char U+0119 (decimal 281)
   defining Unicode char U+011A (decimal 282)
   defining Unicode char U+011B (decimal 283)
   defining Unicode char U+011E (decimal 286)
   defining Unicode char U+011F (decimal 287)
   defining Unicode char U+0130 (decimal 304)
   defining Unicode char U+0131 (decimal 305)
   defining Unicode char U+0132 (decimal 306)
   defining Unicode char U+0133 (decimal 307)
   defining Unicode char U+0139 (decimal 313)
   defining Unicode char U+013A (decimal 314)
   defining Unicode char U+013D (decimal 317)
   defining Unicode char U+013E (decimal 318)
   defining Unicode char U+0141 (decimal 321)
   defining Unicode char U+0142 (decimal 322)
   defining Unicode char U+0143 (decimal 323)
   defining Unicode char U+0144 (decimal 324)
   defining Unicode char U+0147 (decimal 327)
   defining Unicode char U+0148 (decimal 328)
   defining Unicode char U+014A (decimal 330)
   defining Unicode char U+014B (decimal 331)
   defining Unicode char U+0150 (decimal 336)
   defining Unicode char U+0151 (decimal 337)
   defining Unicode char U+0152 (decimal 338)
   defining Unicode char U+0153 (decimal 339)
   defining Unicode char U+0154 (decimal 340)
   defining Unicode char U+0155 (decimal 341)
   defining Unicode char U+0158 (decimal 344)
   defining Unicode char U+0159 (decimal 345)
   defining Unicode char U+015A (decimal 346)
   defining Unicode char U+015B (decimal 347)
   defining Unicode char U+015E (decimal 350)
   defining Unicode char U+015F (decimal 351)
   defining Unicode char U+0160 (decimal 352)
   defining Unicode char U+0161 (decimal 353)
   defining Unicode char U+0162 (decimal 354)
   defining Unicode char U+0163 (decimal 355)
   defining Unicode char U+0164 (decimal 356)
   defining Unicode char U+0165 (decimal 357)
   defining Unicode char U+016E (decimal 366)
   defining Unicode char U+016F (decimal 367)
   defining Unicode char U+0170 (decimal 368)
   defining Unicode char U+0171 (decimal 369)
   defining Unicode char U+0178 (decimal 376)
   defining Unicode char U+0179 (decimal 377)
   defining Unicode char U+017A (decimal 378)
   defining Unicode char U+017B (decimal 379)
   defining Unicode char U+017C (decimal 380)
   defining Unicode char U+017D (decimal 381)
   defining Unicode char U+017E (decimal 382)
   defining Unicode char U+200C (decimal 8204)
   defining Unicode char U+2013 (decimal 8211)
   defining Unicode char U+2014 (decimal 8212)
   defining Unicode char U+2018 (decimal 8216)
   defining Unicode char U+2019 (decimal 8217)
   defining Unicode char U+201A (decimal 8218)
   defining Unicode char U+201C (decimal 8220)
   defining Unicode char U+201D (decimal 8221)
   defining Unicode char U+201E (decimal 8222)
   defining Unicode char U+2030 (decimal 8240)
   defining Unicode char U+2031 (decimal 8241)
   defining Unicode char U+2039 (decimal 8249)
   defining Unicode char U+203A (decimal 8250)
   defining Unicode char U+2423 (decimal 9251)
)
Now handling font encoding OT1 ...
... processing UTF-8 mapping file for font encoding OT1

(/usr/local/texlive/2013/texmf-dist/tex/latex/base/ot1enc.dfu
File: ot1enc.dfu 2008/04/05 v1.1m UTF-8 support for inputenc
   defining Unicode char U+00A1 (decimal 161)
   defining Unicode char U+00A3 (decimal 163)
   defining Unicode char U+00B8 (decimal 184)
   defining Unicode char U+00BF (decimal 191)
   defining Unicode char U+00C5 (decimal 197)
   defining Unicode char U+00C6 (decimal 198)
   defining Unicode char U+00D8 (decimal 216)
   defining Unicode char U+00DF (decimal 223)
   defining Unicode char U+00E6 (decimal 230)
   defining Unicode char U+00EC (decimal 236)
   defining Unicode char U+00ED (decimal 237)
   defining Unicode char U+00EE (decimal 238)
   defining Unicode char U+00EF (decimal 239)
   defining Unicode char U+00F8 (decimal 248)
   defining Unicode char U+0131 (decimal 305)
   defining Unicode char U+0141 (decimal 321)
   defining Unicode char U+0142 (decimal 322)
   defining Unicode char U+0152 (decimal 338)
   defining Unicode char U+0153 (decimal 339)
   defining Unicode char U+2013 (decimal 8211)
   defining Unicode char U+2014 (decimal 8212)
   defining Unicode char U+2018 (decimal 8216)
   defining Unicode char U+2019 (decimal 8217)
   defining Unicode char U+201C (decimal 8220)
   defining Unicode char U+201D (decimal 8221)
)
Now handling font encoding OMS ...
... processing UTF-8 mapping file for font encoding OMS

(/usr/local/texlive/2013/texmf-dist/tex/latex/base/omsenc.dfu
File: omsenc.dfu 2008/04/05 v1.1m UTF-8 support for inputenc
   defining Unicode char U+00A7 (decimal 167)
   defining Unicode char U+00B6 (decimal 182)
   defining Unicode char U+00B7 (decimal 183)
   defining Unicode char U+2020 (decimal 8224)
   defining Unicode char U+2021 (decimal 8225)
   defining Unicode char U+2022 (decimal 8226)
)
Now handling font encoding OMX ...
... no UTF-8 mapping file for font encoding OMX
Now handling font encoding U ...
... no UTF-8 mapping file for font encoding U
   defining Unicode char U+00A9 (decimal 169)
   defining Unicode char U+00AA (decimal 170)
   defining Unicode char U+00AE (decimal 174)
   defining Unicode char U+00BA (decimal 186)
   defining Unicode char U+02C6 (decimal 710)
   defining Unicode char U+02DC (decimal 732)
   defining Unicode char U+200C (decimal 8204)
   defining Unicode char U+2026 (decimal 8230)
   defining Unicode char U+2122 (decimal 8482)
   defining Unicode char U+2423 (decimal 9251)
))
(/usr/local/texlive/2013/texmf-dist/tex/latex/fancyhdr/fancyhdr.sty
\fancy@headwidth=\skip43
\f@ncyO@elh=\skip44
\f@ncyO@erh=\skip45
\f@ncyO@olh=\skip46
\f@ncyO@orh=\skip47
\f@ncyO@elf=\skip48
\f@ncyO@erf=\skip49
\f@ncyO@olf=\skip50
\f@ncyO@orf=\skip51
)
(/usr/local/texlive/2013/texmf-dist/tex/latex/amsmath/amsmath.sty
Package: amsmath 2013/01/14 v2.14 AMS math features
\@mathmargin=\skip52

For additional information on amsmath, use the `?' option.
(/usr/local/texlive/2013/texmf-dist/tex/latex/amsmath/amstext.sty
Package: amstext 2000/06/29 v2.01

(/usr/local/texlive/2013/texmf-dist/tex/latex/amsmath/amsgen.sty
File: amsgen.sty 1999/11/30 v2.0
\@emptytoks=\toks16
\ex@=\dimen105
))
(/usr/local/texlive/2013/texmf-dist/tex/latex/amsmath/amsbsy.sty
Package: amsbsy 1999/11/29 v1.2d
\pmbraise@=\dimen106
)
(/usr/local/texlive/2013/texmf-dist/tex/latex/amsmath/amsopn.sty
Package: amsopn 1999/12/14 v2.01 operator names
)
\inf@bad=\count88
LaTeX Info: Redefining \frac on input line 210.
\uproot@=\count89
\leftroot@=\count90
LaTeX Info: Redefining \overline on input line 306.
\classnum@=\count91
\DOTSCASE@=\count92
LaTeX Info: Redefining \ldots on input line 378.
LaTeX Info: Redefining \dots on input line 381.
LaTeX Info: Redefining \cdots on input line 466.
\Mathstrutbox@=\box26
\strutbox@=\box27
\big@size=\dimen107
LaTeX Font Info:    Redeclaring font encoding OML on input line 566.
LaTeX Font Info:    Redeclaring font encoding OMS on input line 567.
\macc@depth=\count93
\c@MaxMatrixCols=\count94
\dotsspace@=\muskip10
\c@parentequation=\count95
\dspbrk@lvl=\count96
\tag@help=\toks17
\row@=\count97
\column@=\count98
\maxfields@=\count99
\andhelp@=\toks18
\eqnshift@=\dimen108
\alignsep@=\dimen109
\tagshift@=\dimen110
\tagwidth@=\dimen111
\totwidth@=\dimen112
\lineht@=\dimen113
\@envbody=\toks19
\multlinegap=\skip53
\multlinetaggap=\skip54
\mathdisplay@stack=\toks20
LaTeX Info: Redefining \[ on input line 2665.
LaTeX Info: Redefining \] on input line 2666.
)
(/usr/local/texlive/2013/texmf-dist/tex/latex/amsfonts/amsfonts.sty
Package: amsfonts 2013/01/14 v3.01 Basic AMSFonts support
\symAMSa=\mathgroup4
\symAMSb=\mathgroup5
LaTeX Font Info:    Overwriting math alphabet `\mathfrak' in version `bold'
(Font)                  U/euf/m/n --> U/euf/b/n on input line 106.
)
(/usr/local/texlive/2013/texmf-dist/tex/latex/amsfonts/amssymb.sty
Package: amssymb 2013/01/14 v3.01 AMS font symbols
)
(/usr/local/texlive/2013/texmf-dist/tex/latex/amsmath/amscd.sty
Package: amscd 1999/11/29 v2.0
\athelp@=\toks21
\minaw@=\dimen114
\bigaw@=\dimen115
\minCDarrowwidth=\dimen116
)
(/usr/local/texlive/2013/texmf-dist/tex/latex/amscls/amsthm.sty
Package: amsthm 2004/08/06 v2.20
\thm@style=\toks22
\thm@bodyfont=\toks23
\thm@headfont=\toks24
\thm@notefont=\toks25
\thm@headpunct=\toks26
\thm@preskip=\skip55
\thm@postskip=\skip56
\thm@headsep=\skip57
\dth@everypar=\toks27
)
(/usr/local/texlive/2013/texmf-dist/tex/latex/tools/xspace.sty
Package: xspace 2009/10/20 v1.13 Space after command names (DPC,MH)
)
\c@example=\count100
\c@theorem=\count101

(/usr/local/texlive/2013/texmf-dist/tex/latex/caption/caption.sty
Package: caption 2013/05/02 v3.3-89 Customizing captions (AR)

(/usr/local/texlive/2013/texmf-dist/tex/latex/caption/caption3.sty
Package: caption3 2013/05/02 v1.6-88 caption3 kernel (AR)
Package caption3 Info: TeX engine: e-TeX on input line 57.

(/usr/local/texlive/2013/texmf-dist/tex/latex/graphics/keyval.sty
Package: keyval 1999/03/16 v1.13 key=value parser (DPC)
\KV@toks@=\toks28
)
\captionmargin=\dimen117
\captionmargin@=\dimen118
\captionwidth=\dimen119
\caption@tempdima=\dimen120
\caption@indent=\dimen121
\caption@parindent=\dimen122
\caption@hangindent=\dimen123
)
\c@ContinuedFloat=\count102
)
(/usr/local/texlive/2013/texmf-dist/tex/latex/graphics/graphicx.sty
Package: graphicx 1999/02/16 v1.0f Enhanced LaTeX Graphics (DPC,SPQR)

(/usr/local/texlive/2013/texmf-dist/tex/latex/graphics/graphics.sty
Package: graphics 2009/02/05 v1.0o Standard LaTeX Graphics (DPC,SPQR)

(/usr/local/texlive/2013/texmf-dist/tex/latex/graphics/trig.sty
Package: trig 1999/03/16 v1.09 sin cos tan (DPC)
)
(/usr/local/texlive/2013/texmf-dist/tex/latex/latexconfig/graphics.cfg
File: graphics.cfg 2010/04/23 v1.9 graphics configuration of TeX Live
)
Package graphics Info: Driver file: pdftex.def on input line 91.

(/usr/local/texlive/2013/texmf-dist/tex/latex/pdftex-def/pdftex.def
File: pdftex.def 2011/05/27 v0.06d Graphics/color for pdfTeX

(/usr/local/texlive/2013/texmf-dist/tex/generic/oberdiek/infwarerr.sty
Package: infwarerr 2010/04/08 v1.3 Providing info/warning/error messages (HO)
)
(/usr/local/texlive/2013/texmf-dist/tex/generic/oberdiek/ltxcmds.sty
Package: ltxcmds 2011/11/09 v1.22 LaTeX kernel commands for general use (HO)
)
\Gread@gobject=\count103
))
\Gin@req@height=\dimen124
\Gin@req@width=\dimen125
)
(/usr/local/texlive/2013/texmf-dist/tex/latex/oberdiek/epstopdf.sty
Package: epstopdf 2010/02/09 v2.5 Conversion with epstopdf on the fly (HO)

(/usr/local/texlive/2013/texmf-dist/tex/latex/oberdiek/epstopdf-base.sty
Package: epstopdf-base 2010/02/09 v2.5 Base part for package epstopdf

(/usr/local/texlive/2013/texmf-dist/tex/latex/oberdiek/grfext.sty
Package: grfext 2010/08/19 v1.1 Manage graphics extensions (HO)

(/usr/local/texlive/2013/texmf-dist/tex/generic/oberdiek/kvdefinekeys.sty
Package: kvdefinekeys 2011/04/07 v1.3 Define keys (HO)
))
(/usr/local/texlive/2013/texmf-dist/tex/latex/oberdiek/kvoptions.sty
Package: kvoptions 2011/06/30 v3.11 Key value format for package options (HO)

(/usr/local/texlive/2013/texmf-dist/tex/generic/oberdiek/kvsetkeys.sty
Package: kvsetkeys 2012/04/25 v1.16 Key value parser (HO)

(/usr/local/texlive/2013/texmf-dist/tex/generic/oberdiek/etexcmds.sty
Package: etexcmds 2011/02/16 v1.5 Avoid name clashes with e-TeX commands (HO)

(/usr/local/texlive/2013/texmf-dist/tex/generic/oberdiek/ifluatex.sty
Package: ifluatex 2010/03/01 v1.3 Provides the ifluatex switch (HO)
Package ifluatex Info: LuaTeX not detected.
)
Package etexcmds Info: Could not find \expanded.
(etexcmds)             That can mean that you are not using pdfTeX 1.50 or
(etexcmds)             that some package has redefined \expanded.
(etexcmds)             In the latter case, load this package earlier.
)))
(/usr/local/texlive/2013/texmf-dist/tex/generic/oberdiek/pdftexcmds.sty
Package: pdftexcmds 2011/11/29 v0.20 Utility functions of pdfTeX for LuaTeX (HO
)

(/usr/local/texlive/2013/texmf-dist/tex/generic/oberdiek/ifpdf.sty
Package: ifpdf 2011/01/30 v2.3 Provides the ifpdf switch (HO)
Package ifpdf Info: pdfTeX in PDF mode is detected.
)
Package pdftexcmds Info: LuaTeX not detected.
Package pdftexcmds Info: \pdf@primitive is available.
Package pdftexcmds Info: \pdf@ifprimitive is available.
Package pdftexcmds Info: \pdfdraftmode found.
)
Package grfext Info: Graphics extension search list:
(grfext)             [.png,.pdf,.jpg,.mps,.jpeg,.jbig2,.jb2,.PNG,.PDF,.JPG,.JPE
G,.JBIG2,.JB2,.eps]
(grfext)             \AppendGraphicsExtensions on input line 452.

(/usr/local/texlive/2013/texmf-dist/tex/latex/latexconfig/epstopdf-sys.cfg
File: epstopdf-sys.cfg 2010/07/13 v1.3 Configuration of (r)epstopdf for TeX Liv
e
)))
(/usr/local/texlive/2013/texmf-dist/tex/latex/booktabs/booktabs.sty
Package: booktabs 2005/04/14 v1.61803 publication quality tables
\heavyrulewidth=\dimen126
\lightrulewidth=\dimen127
\cmidrulewidth=\dimen128
\belowrulesep=\dimen129
\belowbottomsep=\dimen130
\aboverulesep=\dimen131
\abovetopsep=\dimen132
\cmidrulesep=\dimen133
\cmidrulekern=\dimen134
\defaultaddspace=\dimen135
\@cmidla=\count104
\@cmidlb=\count105
\@aboverulesep=\dimen136
\@belowrulesep=\dimen137
\@thisruleclass=\count106
\@lastruleclass=\count107
\@thisrulewidth=\dimen138
)
(/usr/local/texlive/2013/texmf-dist/tex/latex/rotating/rotating.sty
Package: rotating 2009/03/28 v2.16a rotated objects in LaTeX

(/usr/local/texlive/2013/texmf-dist/tex/latex/base/ifthen.sty
Package: ifthen 2001/05/26 v1.1c Standard LaTeX ifthen package (DPC)
)
\c@r@tfl@t=\count108
\rotFPtop=\skip58
\rotFPbot=\skip59
\rot@float@box=\box28
\rot@mess@toks=\toks29
)
(/usr/local/texlive/2013/texmf-dist/tex/latex/listings/listings.sty
\lst@mode=\count109
\lst@gtempboxa=\box29
\lst@token=\toks30
\lst@length=\count110
\lst@currlwidth=\dimen139
\lst@column=\count111
\lst@pos=\count112
\lst@lostspace=\dimen140
\lst@width=\dimen141
\lst@newlines=\count113
\lst@lineno=\count114
\lst@maxwidth=\dimen142

(./lstpatch.sty

***
*** This is a patch for listings 1.3, but you're using
*** version 1.4.
***
*** Patch file not loaded.
***

) (/usr/local/texlive/2013/texmf-dist/tex/latex/listings/lstmisc.sty
File: lstmisc.sty 2007/02/22 1.4 (Carsten Heinz)
\c@lstnumber=\count115
\lst@skipnumbers=\count116
\lst@framebox=\box30
)
(/usr/local/texlive/2013/texmf-dist/tex/latex/listings/listings.cfg
File: listings.cfg 2007/02/22 1.4 listings configuration
))
Package: listings 2007/02/22 1.4 (Carsten Heinz)

(./lstpatch.sty

***
*** This is a patch for listings 1.3, but you're using
*** version 1.4.
***
 *** Patch file not loaded.
***

) (/usr/local/texlive/2013/texmf-dist/tex/latex/hyperref/hyperref.sty
Package: hyperref 2012/11/06 v6.83m Hypertext links for LaTeX

(/usr/local/texlive/2013/texmf-dist/tex/generic/oberdiek/hobsub-hyperref.sty
Package: hobsub-hyperref 2012/05/28 v1.13 Bundle oberdiek, subset hyperref (HO)


(/usr/local/texlive/2013/texmf-dist/tex/generic/oberdiek/hobsub-generic.sty
Package: hobsub-generic 2012/05/28 v1.13 Bundle oberdiek, subset generic (HO)
Package: hobsub 2012/05/28 v1.13 Construct package bundles (HO)
Package hobsub Info: Skipping package `infwarerr' (already loaded).
Package hobsub Info: Skipping package `ltxcmds' (already loaded).
Package hobsub Info: Skipping package `ifluatex' (already loaded).
Package: ifvtex 2010/03/01 v1.5 Detect VTeX and its facilities (HO)
Package ifvtex Info: VTeX not detected.
Package: intcalc 2007/09/27 v1.1 Expandable calculations with integers (HO)
Package hobsub Info: Skipping package `ifpdf' (already loaded).
Package hobsub Info: Skipping package `etexcmds' (already loaded).
Package hobsub Info: Skipping package `kvsetkeys' (already loaded).
Package hobsub Info: Skipping package `kvdefinekeys' (already loaded).
Package hobsub Info: Skipping package `pdftexcmds' (already loaded).
Package: pdfescape 2011/11/25 v1.13 Implements pdfTeX's escape features (HO)
Package: bigintcalc 2012/04/08 v1.3 Expandable calculations on big integers (HO
)
Package: bitset 2011/01/30 v1.1 Handle bit-vector datatype (HO)
Package: uniquecounter 2011/01/30 v1.2 Provide unlimited unique counter (HO)
)
Package hobsub Info: Skipping package `hobsub' (already loaded).
Package: letltxmacro 2010/09/02 v1.4 Let assignment for LaTeX macros (HO)
Package: hopatch 2012/05/28 v1.2 Wrapper for package hooks (HO)
Package: xcolor-patch 2011/01/30 xcolor patch
Package: atveryend 2011/06/30 v1.8 Hooks at the very end of document (HO)
Package atveryend Info: \enddocument detected (standard20110627).
Package: atbegshi 2011/10/05 v1.16 At begin shipout hook (HO)
Package: refcount 2011/10/16 v3.4 Data extraction from label references (HO)
Package: hycolor 2011/01/30 v1.7 Color options for hyperref/bookmark (HO)
)
(/usr/local/texlive/2013/texmf-dist/tex/generic/ifxetex/ifxetex.sty
Package: ifxetex 2010/09/12 v0.6 Provides ifxetex conditional
)
(/usr/local/texlive/2013/texmf-dist/tex/latex/oberdiek/auxhook.sty
Package: auxhook 2011/03/04 v1.3 Hooks for auxiliary files (HO)
)
\@linkdim=\dimen143
\Hy@linkcounter=\count117
\Hy@pagecounter=\count118

(/usr/local/texlive/2013/texmf-dist/tex/latex/hyperref/pd1enc.def
File: pd1enc.def 2012/11/06 v6.83m Hyperref: PDFDocEncoding definition (HO)
Now handling font encoding PD1 ...
... no UTF-8 mapping file for font encoding PD1
)
\Hy@SavedSpaceFactor=\count119

(/usr/local/texlive/2013/texmf-dist/tex/latex/latexconfig/hyperref.cfg
File: hyperref.cfg 2002/06/06 v1.2 hyperref configuration of TeXLive
)
Package hyperref Info: Option `bookmarks' set `true' on input line 4319.
Package hyperref Info: Option `bookmarksopen' set `true' on input line 4319.
Package hyperref Info: Option `bookmarksnumbered' set `true' on input line 4319
.
Package hyperref Info: Option `hypertexnames' set `false' on input line 4319.
Package hyperref Info: Option `colorlinks' set `true' on input line 4319.
Package hyperref Info: Option `unicode' set `true' on input line 4319.

(/usr/local/texlive/2013/texmf-dist/tex/latex/hyperref/puenc.def
File: puenc.def 2012/11/06 v6.83m Hyperref: PDF Unicode definition (HO)
Now handling font encoding PU ...
... no UTF-8 mapping file for font encoding PU
)
Package hyperref Info: Option `breaklinks' set `true' on input line 4319.
Package hyperref Info: Hyper figures OFF on input line 4443.
Package hyperref Info: Link nesting OFF on input line 4448.
Package hyperref Info: Hyper index ON on input line 4451.
Package hyperref Info: Plain pages OFF on input line 4458.
Package hyperref Info: Backreferencing OFF on input line 4463.
Package hyperref Info: Implicit mode ON; LaTeX internals redefined.
Package hyperref Info: Bookmarks ON on input line 4688.
\c@Hy@tempcnt=\count120

(/usr/local/texlive/2013/texmf-dist/tex/latex/url/url.sty
\Urlmuskip=\muskip11
Package: url 2006/04/12  ver 3.3  Verb mode for urls, etc.
)
LaTeX Info: Redefining \url on input line 5041.
\XeTeXLinkMargin=\dimen144
\Fld@menulength=\count121
\Field@Width=\dimen145
\Fld@charsize=\dimen146
Package hyperref Info: Hyper figures OFF on input line 6295.
Package hyperref Info: Link nesting OFF on input line 6300.
Package hyperref Info: Hyper index ON on input line 6303.
Package hyperref Info: backreferencing OFF on input line 6310.
Package hyperref Info: Link coloring ON on input line 6313.
Package hyperref Info: Link coloring with OCG OFF on input line 6320.
Package hyperref Info: PDF/A mode OFF on input line 6325.
LaTeX Info: Redefining \ref on input line 6365.
LaTeX Info: Redefining \pageref on input line 6369.
\Hy@abspage=\count122
\c@Item=\count123
\c@Hfootnote=\count124
)

Package hyperref Message: Driver (autodetected): hpdftex.

(/usr/local/texlive/2013/texmf-dist/tex/latex/hyperref/hpdftex.def
File: hpdftex.def 2012/11/06 v6.83m Hyperref driver for pdfTeX
\Fld@listcount=\count125
\c@bookmark@seq@number=\count126

(/usr/local/texlive/2013/texmf-dist/tex/latex/oberdiek/rerunfilecheck.sty
Package: rerunfilecheck 2011/04/15 v1.7 Rerun checks for auxiliary files (HO)
Package uniquecounter Info: New unique counter `rerunfilecheck' on input line 2
82.
)
\Hy@SectionHShift=\skip60
)
\c@dummy=\count127

(/usr/local/texlive/2013/texmf-dist/tex/latex/tools/longtable.sty
Package: longtable 2004/02/01 v4.11 Multi-page Table package (DPC)
\LTleft=\skip61
\LTright=\skip62
\LTpre=\skip63
\LTpost=\skip64
\LTchunksize=\count128
\LTcapwidth=\dimen147
\LT@head=\box31
\LT@firsthead=\box32
\LT@foot=\box33
\LT@lastfoot=\box34
\LT@cols=\count129
\LT@rows=\count130
\c@LT@tables=\count131
\c@LT@chunks=\count132
\LT@p@ftn=\toks31
))
(/usr/local/texlive/2013/texmf-dist/tex/latex/psnfss/times.sty
Package: times 2005/04/12 PSNFSS-v9.2a (SPQR) 
)
(/usr/local/texlive/2013/texmf-dist/tex/generic/babel/babel.sty
Package: babel 2013/05/16 v3.9f The Babel package

(/usr/local/texlive/2013/texmf-dist/tex/generic/babel-spanish/spanish.ldf
Language: spanish.ldf 2010/05/23 v5.0j Spanish support from the babel system

(/usr/local/texlive/2013/texmf-dist/tex/generic/babel/babel.def
File: babel.def 2013/05/16 v3.9f Babel common definitions
\babel@savecnt=\count133
\U@D=\dimen148
)
\es@datefmt=\count134
\es@quottoks=\toks32
\es@quotdepth=\count135
Package babel Info: Making " an active character on input line 495.
Package babel Info: Making . an active character on input line 588.
Package babel Info: Making < an active character on input line 633.
Package babel Info: Making > an active character on input line 633.
))
(/usr/local/texlive/2013/texmf-dist/tex/latex/multirow/multirow.sty
\bigstrutjot=\dimen149
)
(/usr/local/texlive/2013/texmf-dist/tex/latex/graphics/color.sty
Package: color 2005/11/14 v1.0j Standard LaTeX Color (DPC)

(/usr/local/texlive/2013/texmf-dist/tex/latex/latexconfig/color.cfg
File: color.cfg 2007/01/18 v1.5 color configuration of teTeX/TeXLive
)
Package color Info: Driver file: pdftex.def on input line 130.
)
(/usr/local/texlive/2013/texmf-dist/tex/latex/colortbl/colortbl.sty
Package: colortbl 2012/02/13 v1.0a Color table columns (DPC)

(/usr/local/texlive/2013/texmf-dist/tex/latex/tools/array.sty
Package: array 2008/09/09 v2.4c Tabular extension package (FMi)
\col@sep=\dimen150
\extrarowheight=\dimen151
\NC@list=\toks33
\extratabsurround=\skip65
\backup@length=\skip66
)
\everycr=\toks34
\minrowclearance=\skip67
)
(/usr/local/texlive/2013/texmf-dist/tex/latex/titlesec/titlesec.sty
Package: titlesec 2011/12/15 v2.10.0 Sectioning titles
\ttl@box=\box35
\beforetitleunit=\skip68
\aftertitleunit=\skip69
\ttl@plus=\dimen152
\ttl@minus=\dimen153
\ttl@toksa=\toks35
\titlewidth=\dimen154
\titlewidthlast=\dimen155
\titlewidthfirst=\dimen156
)
(/usr/local/texlive/2013/texmf-dist/tex/latex/natbib/natbib.sty
Package: natbib 2010/09/13 8.31b (PWD, AO)
\bibhang=\skip70
\bibsep=\skip71
LaTeX Info: Redefining \cite on input line 694.
\c@NAT@ctr=\count136
)
Package hyperref Info: Option `colorlinks' set `true' on input line 31.
 (./main.aux
(./portada/portada.aux)
LaTeX Info: Redefining \. on input line 24.
LaTeX Info: Redefining \% on input line 24.
 (./Capitulos/1Introduccion/1Introduccion.aux)
(./Capitulos/2EstadoDelArte/2EstadoDelArte.aux)
(./Capitulos/3MarcoTeorico/3MarcoTeorico.aux)
(./Capitulos/4MarcoMetodologico/4MarcoMetodologico.aux)
(./Capitulos/5AnalisisGeneral/5AnalisisGeneral.aux)
(./Capitulos/6ConfiguracionAmbienteDesarrollo/6ConfiguracionAmbienteDesarrollo.
aux) (./Capitulos/7DisenoTASMC/7DisenoTASMC.aux))
\openout1 = `main.aux'.

LaTeX Font Info:    Checking defaults for OML/cmm/m/it on input line 34.
LaTeX Font Info:    ... okay on input line 34.
LaTeX Font Info:    Checking defaults for T1/cmr/m/n on input line 34.
LaTeX Font Info:    ... okay on input line 34.
LaTeX Font Info:    Checking defaults for OT1/cmr/m/n on input line 34.
LaTeX Font Info:    ... okay on input line 34.
LaTeX Font Info:    Checking defaults for OMS/cmsy/m/n on input line 34.
LaTeX Font Info:    ... okay on input line 34.
LaTeX Font Info:    Checking defaults for OMX/cmex/m/n on input line 34.
LaTeX Font Info:    ... okay on input line 34.
LaTeX Font Info:    Checking defaults for U/cmr/m/n on input line 34.
LaTeX Font Info:    ... okay on input line 34.
LaTeX Font Info:    Checking defaults for PD1/pdf/m/n on input line 34.
LaTeX Font Info:    ... okay on input line 34.
LaTeX Font Info:    Checking defaults for PU/pdf/m/n on input line 34.
LaTeX Font Info:    ... okay on input line 34.
LaTeX Font Info:    Try loading font information for OT1+ptm on input line 34.

(/usr/local/texlive/2013/texmf-dist/tex/latex/psnfss/ot1ptm.fd
File: ot1ptm.fd 2001/06/04 font definitions for OT1/ptm.
)
Package caption Info: Begin \AtBeginDocument code.
Package caption Info: hyperref package is loaded.
Package caption Info: listings package is loaded.
Package caption Info: longtable package is loaded.

(/usr/local/texlive/2013/texmf-dist/tex/latex/caption/ltcaption.sty
Package: ltcaption 2013/02/03 v1.3-62 longtable captions (AR)
)
Package caption Info: rotating package is loaded.
Package caption Info: End \AtBeginDocument code.

(/usr/local/texlive/2013/texmf-dist/tex/context/base/supp-pdf.mkii
[Loading MPS to PDF converter (version 2006.09.02).]
\scratchcounter=\count137
\scratchdimen=\dimen157
\scratchbox=\box36
\nofMPsegments=\count138
\nofMParguments=\count139
\everyMPshowfont=\toks36
\MPscratchCnt=\count140
\MPscratchDim=\dimen158
\MPnumerator=\count141
\makeMPintoPDFobject=\count142
\everyMPtoPDFconversion=\toks37
)
\c@lstlisting=\count143
\AtBeginShipoutBox=\box37
Package hyperref Info: Link coloring ON on input line 34.
 (/usr/local/texlive/2013/texmf-dist/tex/latex/hyperref/nameref.sty
Package: nameref 2012/10/27 v2.43 Cross-referencing by name of section

(/usr/local/texlive/2013/texmf-dist/tex/generic/oberdiek/gettitlestring.sty
Package: gettitlestring 2010/12/03 v1.4 Cleanup title references (HO)
)
\c@section@level=\count144
)
LaTeX Info: Redefining \ref on input line 34.
LaTeX Info: Redefining \pageref on input line 34.
LaTeX Info: Redefining \nameref on input line 34.

(./main.out) (./main.out)
\@outlinefile=\write3
\openout3 = `main.out'.

LaTeX Info: Redefining \. on input line 34.
LaTeX Info: Redefining \% on input line 34.
\openout2 = `portada/portada.aux'.

 (./portada/portada.tex
LaTeX Font Info:    Try loading font information for U+msa on input line 4.

(/usr/local/texlive/2013/texmf-dist/tex/latex/amsfonts/umsa.fd
File: umsa.fd 2013/01/14 v3.01 AMS symbols A
)
LaTeX Font Info:    Try loading font information for U+msb on input line 4.

(/usr/local/texlive/2013/texmf-dist/tex/latex/amsfonts/umsb.fd
File: umsb.fd 2013/01/14 v3.01 AMS symbols B
)
<portada/ipn.jpg, id=349, 195.73125pt x 287.0725pt>
File: portada/ipn.jpg Graphic file (type jpg)
 <use portada/ipn.jpg>
Package pdftex.def Info: portada/ipn.jpg used on input line 5.
(pdftex.def)             Requested size: 58.19716pt x 85.35826pt.

<portada/escom.jpg, id=350, 226.8475pt x 200.75pt>
File: portada/escom.jpg Graphic file (type jpg)
 <use portada/escom.jpg>
Package pdftex.def Info: portada/escom.jpg used on input line 7.
(pdftex.def)             Requested size: 90.0278pt x 79.6678pt.

Overfull \vbox (28.7728pt too high) detected at line 7
 []

LaTeX Font Info:    Font shape `OT1/ptm/bx/n' in size <14.4> not available
(Font)              Font shape `OT1/ptm/b/n' tried instead on input line 8.

Overfull \hbox (33.1493pt too wide) in paragraph at lines 4--12
 [] 
 []

LaTeX Font Info:    Font shape `OT1/ptm/bx/n' in size <17.28> not available
(Font)              Font shape `OT1/ptm/b/n' tried instead on input line 21.
LaTeX Font Info:    Font shape `OT1/ptm/bx/n' in size <12> not available
(Font)              Font shape `OT1/ptm/b/n' tried instead on input line 49.
) [1



{/usr/local/texlive/2013/texmf-var/fonts/map/pdftex/updmap/pdftex.map} <./porta
da/ipn.jpg> <./portada/escom.jpg>]
------------------------------------------------------------------------------
 Table of Contents
------------------------------------------------------------------------------
LaTeX Font Info:    Font shape `OT1/ptm/bx/n' in size <24.88> not available
(Font)              Font shape `OT1/ptm/b/n' tried instead on input line 70.
(./main.toc
LaTeX Info: Redefining \. on input line 1.
LaTeX Info: Redefining \% on input line 1.
LaTeX Font Info:    Font shape `OT1/ptm/bx/sc' in size <12> not available
(Font)              Font shape `OT1/ptm/b/sc' tried instead on input line 2.
 [2


] [3])
\tf@toc=\write4
\openout4 = `main.toc'.

 [4]
------------------------------------------------------------------------------
 List of Figures
------------------------------------------------------------------------------
(./main.lof
LaTeX Info: Redefining \. on input line 1.
LaTeX Info: Redefining \% on input line 1.
 [5


])
\tf@lof=\write5
\openout5 = `main.lof'.

 [6]
------------------------------------------------------------------------------
 List of Tables
------------------------------------------------------------------------------
(./main.lot
LaTeX Info: Redefining \. on input line 1.
LaTeX Info: Redefining \% on input line 1.
 [7


])
\tf@lot=\write6
\openout6 = `main.lot'.

 [8]
\openout2 = `Capitulos/1Introduccion/1Introduccion.aux'.

 (./Capitulos/1Introduccion/1Introduccion.tex
Cap\'{\i }tulo 1.
------------------------------------------------------------------------------
 1 Introducci\IeC {\'o}n
------------------------------------------------------------------------------
[1




] (./Capitulos/1Introduccion/Secciones/1-1Problematica.tex)
(./Capitulos/1Introduccion/Secciones/1-2SolucionPropuesta.tex [2]
<Figuras/arquitectura.png, id=658, 333.8874pt x 249.5724pt>
File: Figuras/arquitectura.png Graphic file (type png)

<use Figuras/arquitectura.png>
Package pdftex.def Info: Figuras/arquitectura.png used on input line 9.
(pdftex.def)             Requested size: 333.88658pt x 249.57178pt.

Overfull \hbox (2.52693pt too wide) in paragraph at lines 9--11
 [] 
 []

[3 <./Figuras/arquitectura.png>])
(./Capitulos/1Introduccion/Secciones/1-3AlcancesYLimitaciones.tex)
(./Capitulos/1Introduccion/Secciones/1-4ObjetivoGeneral.tex)
(./Capitulos/1Introduccion/Secciones/1-5ObjetivosEspecificos.tex [4])
(./Capitulos/1Introduccion/Secciones/1-6Justificacion.tex [5]
<Figuras/moviles.png, id=681, 551.05875pt x 217.81375pt>
File: Figuras/moviles.png Graphic file (type png)

<use Figuras/moviles.png>
Package pdftex.def Info: Figuras/moviles.png used on input line 23.
(pdftex.def)             Requested size: 417.47307pt x 165.01836pt.

Overfull \hbox (2.52693pt too wide) in paragraph at lines 23--25
 [] 
 []

)) [6] [7 <./Figuras/moviles.png>]
\openout2 = `Capitulos/2EstadoDelArte/2EstadoDelArte.aux'.


(./Capitulos/2EstadoDelArte/2EstadoDelArte.tex
Cap\'{\i }tulo 2.
------------------------------------------------------------------------------
 2 Estado del Arte
------------------------------------------------------------------------------

Overfull \hbox (3.15623pt too wide) in paragraph at lines 19--19
[]|[]\OT1/ptm/b/n/12 Aplicaci[]on[]| 
 []


Overfull \hbox (2.56024pt too wide) in paragraph at lines 21--21
[]|[]\OT1/ptm/b/n/12 Precio[]| 
 []


Overfull \hbox (23.99986pt too wide) in paragraph at lines 25--25
[]|\OT1/ptm/m/n/12 Crux|  
 []


Overfull \hbox (29.32747pt too wide) in paragraph at lines 27--27
[]|\OT1/ptm/m/n/12 Gratis|  
 []


Overfull \hbox (39.99579pt too wide) in paragraph at lines 28--28
[]|\OT1/ptm/m/n/12 Android|  
 []

<Figuras/crux.png, id=696, 62.1522pt x 62.634pt>
File: Figuras/crux.png Graphic file (type png)
 <use Figuras/crux.png>
Package pdftex.def Info: Figuras/crux.png used on input line 29.
(pdftex.def)             Requested size: 71.1359pt x 71.13301pt.

Overfull \hbox (71.1359pt too wide) in paragraph at lines 29--29
[]|[]|  
 []


Overfull \hbox (43.99144pt too wide) in paragraph at lines 31--31
[]|\OT1/ptm/m/n/12 Meridian|  
 []


Underfull \hbox (badness 1057) in paragraph at lines 32--32
\OT1/ptm/m/n/12 ae-ro-puer-to. In-te-gra ba-ses
 []


Overfull \hbox (29.32747pt too wide) in paragraph at lines 33--33
[]|\OT1/ptm/m/n/12 Gratis|  
 []


Overfull \hbox (18.67175pt too wide) in paragraph at lines 34--34
[]|\OT1/ptm/m/n/12 iOS 
 []


Overfull \hbox (6.0pt too wide) in paragraph at lines 34--34
\OT1/ptm/m/n/12 y 
 []


Overfull \hbox (39.99579pt too wide) in paragraph at lines 34--34
\OT1/ptm/m/n/12 Android|  
 []

<Figuras/meridian.png, id=698, 64.5612pt x 64.5612pt>
File: Figuras/meridian.png Graphic file (type png)

<use Figuras/meridian.png>
Package pdftex.def Info: Figuras/meridian.png used on input line 35.
(pdftex.def)             Requested size: 71.1387pt x 71.1387pt.

Overfull \hbox (71.1387pt too wide) in paragraph at lines 35--35
[]|[]|  
 []


Overfull \hbox (3.15623pt too wide) in paragraph at lines 48--48
[]|[]\OT1/ptm/b/n/12 Aplicaci[]on[]| 
 []


Overfull \hbox (2.56024pt too wide) in paragraph at lines 50--50
[]|[]\OT1/ptm/b/n/12 Precio[]| 
 []


Overfull \hbox (47.3156pt too wide) in paragraph at lines 54--54
[]|\OT1/ptm/m/n/12 GateGuru|  
 []


Underfull \hbox (badness 3758) in paragraph at lines 55--55
\OT1/ptm/m/n/12 ae-ro-puer-tos ubi-ca-dos en
 []


Underfull \hbox (badness 1221) in paragraph at lines 55--55
\OT1/ptm/m/n/12 Tri-pit y Ka-yak. Adem[]as
 []


Overfull \hbox (29.32747pt too wide) in paragraph at lines 56--56
[]|\OT1/ptm/m/n/12 Gratis|  
 []

<Figuras/gateGuru.png, id=700, 67.9338pt x 67.452pt>
File: Figuras/gateGuru.png Graphic file (type png)

<use Figuras/gateGuru.png>
Package pdftex.def Info: Figuras/gateGuru.png used on input line 58.
(pdftex.def)             Requested size: 71.13562pt x 71.13853pt.

Overfull \hbox (71.13562pt too wide) in paragraph at lines 58--58
[]|[]|  
 []


Overfull \hbox (31.31981pt too wide) in paragraph at lines 59--59
[]|\OT1/ptm/m/n/12 Kayak|  
 []


Overfull \hbox (29.32747pt too wide) in paragraph at lines 61--61
[]|\OT1/ptm/m/n/12 Gratis|  
 []

<Figuras/kayak.png, id=702, 66.0066pt x 66.0066pt>
File: Figuras/kayak.png Graphic file (type png)
 <use Figuras/kayak.png>
Package pdftex.def Info: Figuras/kayak.png used on input line 63.
(pdftex.def)             Requested size: 71.138pt x 71.138pt.

Overfull \hbox (71.138pt too wide) in paragraph at lines 63--63
[]|[]|  
 []


Overfull \hbox (26.91559pt too wide) in paragraph at lines 65--65
[]|\OT1/ptm/m/n/12 Tripit|  
 []

<Figuras/tripit.png, id=704, 68.4156pt x 68.4156pt>
File: Figuras/tripit.png Graphic file (type png)
 <use Figuras/tripit.png>
Package pdftex.def Info: Figuras/tripit.png used on input line 70.
(pdftex.def)             Requested size: 71.13278pt x 71.13278pt.

Overfull \hbox (71.13278pt too wide) in paragraph at lines 70--70
[]|[]|  
 []

[8



 <./Figuras/crux.png> <./Figuras/meridian.png>] [9 <./Figuras/gateGuru.png> <./
Figuras/kayak.png> <./Figuras/tripit.png>]
Underfull \hbox (badness 1412) in paragraph at lines 91--92
\OT1/ptm/m/n/12 lu-cio-nes t[]ecni-cas que se
 []


Underfull \hbox (badness 3250) in paragraph at lines 96--97
[]|\OT1/ptm/m/n/12 Este tra-ba-jo ex-pli-ca las
 []


Underfull \hbox (badness 1210) in paragraph at lines 96--97
\OT1/ptm/m/n/12 t[]ecni-cas que se em-plean
 []


Underfull \hbox (badness 2790) in paragraph at lines 96--97
\OT1/ptm/m/n/12 res uti-li-zan-do el cam-po
 []

) [10]
\openout2 = `Capitulos/3MarcoTeorico/3MarcoTeorico.aux'.

 (./Capitulos/3MarcoTeorico/3MarcoTeorico.tex
Cap\'{\i }tulo 3.
------------------------------------------------------------------------------
 3 Marco Te\IeC {\'o}rico
------------------------------------------------------------------------------
(./Capitulos/3MarcoTeorico/Secciones/3-1AplicacionMovil.tex [11



])
(./Capitulos/3MarcoTeorico/Secciones/3-2ComputoMovil.tex
Overfull \hbox (0.87953pt too wide) in paragraph at lines 5--6
[]\OT1/ptm/m/n/12 Este ti-po de tec-no-log[]^^Pa no so-lo re-pre-sen-ta una opo
r-tu-ni-dad de avan-ce cient[]^^Pfi-co o compu-
 []


Overfull \hbox (3.59265pt too wide) in paragraph at lines 20--21
[]\OT1/ptm/b/n/12 Comodidad: \OT1/ptm/m/n/12 Es muy con-ve-nien-te pa-ra los us
ua-rios ope-rar en el en-torno inal[]ambri-
 []

[12]) (./Capitulos/3MarcoTeorico/Secciones/3-3ComputoUbicuo.tex
<Figuras/ubicuo.png, id=744, 692.5875pt x 519.9425pt>
File: Figuras/ubicuo.png Graphic file (type png)
 <use Figuras/ubicuo.png>
Package pdftex.def Info: Figuras/ubicuo.png used on input line 9.
(pdftex.def)             Requested size: 333.97972pt x 250.72787pt.

Overfull \hbox (2.52693pt too wide) in paragraph at lines 9--11
 [] 
 []

) (./Capitulos/3MarcoTeorico/Secciones/3-4GPS.tex [13 <./Figuras/ubicuo.png>]
[14]) (./Capitulos/3MarcoTeorico/Secciones/3-5ILS.tex [15] [16] [17] [18]
[19] [20] <Figuras/ejPasiva.png, id=788, 213.9192pt x 253.4268pt>
File: Figuras/ejPasiva.png Graphic file (type png)

<use Figuras/ejPasiva.png>
Package pdftex.def Info: Figuras/ejPasiva.png used on input line 72.
(pdftex.def)             Requested size: 213.91867pt x 253.42618pt.

Overfull \hbox (2.52693pt too wide) in paragraph at lines 72--74
 [] 
 []

<Figuras/ejSigLider.png, id=790, 197.538pt x 253.9086pt>
File: Figuras/ejSigLider.png Graphic file (type png)

<use Figuras/ejSigLider.png>
Package pdftex.def Info: Figuras/ejSigLider.png used on input line 82.
(pdftex.def)             Requested size: 197.5375pt x 253.90797pt.

Overfull \hbox (2.52693pt too wide) in paragraph at lines 82--84
 [] 
 []

) (./Capitulos/3MarcoTeorico/Secciones/3-6Android.tex [21 <./Figuras/ejPasiva.p
ng>] <Figuras/capasAndroid.png, id=798, 610.28pt x 533.995pt>
File: Figuras/capasAndroid.png Graphic file (type png)

<use Figuras/capasAndroid.png>
Package pdftex.def Info: Figuras/capasAndroid.png used on input line 7.
(pdftex.def)             Requested size: 417.47307pt x 365.30363pt.
 [22 <./Figuras/ejSigLider.png>]
LaTeX Font Info:    Try loading font information for OMS+ptm on input line 18.

(/usr/local/texlive/2013/texmf-dist/tex/latex/psnfss/omsptm.fd
File: omsptm.fd 
)
LaTeX Font Info:    Font shape `OMS/ptm/m/n' in size <12> not available
(Font)              Font shape `OMS/cmsy/m/n' tried instead on input line 18.
 [23 <./Figuras/capasAndroid.png>] [24])) [25]
\openout2 = `Capitulos/4MarcoMetodologico/4MarcoMetodologico.aux'.


(./Capitulos/4MarcoMetodologico/4MarcoMetodologico.tex
Cap\'{\i }tulo 4.
------------------------------------------------------------------------------
 4 Marco Metodol\IeC {\'o}gico
------------------------------------------------------------------------------
<Figuras/cicloDesarrollo.png, id=823, 480.8364pt x 233.673pt>
File: Figuras/cicloDesarrollo.png Graphic file (type png)

<use Figuras/cicloDesarrollo.png>
Package pdftex.def Info: Figuras/cicloDesarrollo.png used on input line 28.
(pdftex.def)             Requested size: 417.47307pt x 202.88739pt.
 [26



]) [27 <./Figuras/cicloDesarrollo.png>]
[28]
\openout2 = `Capitulos/5AnalisisGeneral/5AnalisisGeneral.aux'.

 (./Capitulos/5AnalisisGeneral/5AnalisisGeneral.tex
Cap\'{\i }tulo 5.
------------------------------------------------------------------------------
 5 An\IeC {\'a}lisis General
------------------------------------------------------------------------------
(./Capitulos/5AnalisisGeneral/Secciones/5-1EstudioFactibilidad.tex [29



]
[30] <Figuras/android.png, id=855, 25.5354pt x 22.1628pt>
File: Figuras/android.png Graphic file (type png)

<use Figuras/android.png>
Package pdftex.def Info: Figuras/android.png used on input line 147.
(pdftex.def)             Requested size: 42.6794pt x 42.68396pt.
 <Figuras/ios.png, id=856, 36.135pt x 36.135pt>
File: Figuras/ios.png Graphic file (type png)

<use Figuras/ios.png>
Package pdftex.def Info: Figuras/ios.png used on input line 148.
(pdftex.def)             Requested size: 42.68135pt x 42.68135pt.

Underfull \hbox (badness 1715) in paragraph at lines 151--151
[]| \OT1/ptm/m/n/12 Win-dows, Mac OS y
 []


Overfull \hbox (80.69913pt too wide) in paragraph at lines 169--169
[]|$[]$| 
 []


Overfull \hbox (80.69913pt too wide) in paragraph at lines 176--177
[]|$[]$| 
 []


Underfull \hbox (badness 5331) in paragraph at lines 178--178
[]|[]\OT1/ptm/b/n/12 Tipo de C[]odi-go de
 []


Underfull \hbox (badness 5862) in paragraph at lines 183--183
[]| \OT1/ptm/m/n/12 $ 25.00 USD. Pa-go
 []


Underfull \hbox (badness 5862) in paragraph at lines 184--185
[]| \OT1/ptm/m/n/12 $ 99.00 USD. Pa-go
 []


Underfull \hbox (badness 10000) in paragraph at lines 190--190
[]|[]\OT1/ptm/b/n/12 IDE (En-torno de
 []

[31] [32 <./Figuras/android.png> <./Figuras/ios.png>]
<Figuras/versionesAndroid.png, id=871, 333.8874pt x 167.1846pt>
File: Figuras/versionesAndroid.png Graphic file (type png)

<use Figuras/versionesAndroid.png>
Package pdftex.def Info: Figuras/versionesAndroid.png used on input line 220.
(pdftex.def)             Requested size: 417.47307pt x 209.04399pt.
 [33 <./Figuras/versionesAndroid.png>]
Underfull \hbox (badness 1412) in paragraph at lines 289--289
[]|\OT1/ptm/m/n/12 Es el en-fo-que em-plea-do
 []


Underfull \hbox (badness 10000) in paragraph at lines 293--293
\OT1/ptm/m/n/12 gua-je de pro-gra-ma-ci[]on
 []


Underfull \hbox (badness 10000) in paragraph at lines 293--293
\OT1/ptm/m/n/12 pue-de ge-ne-rar c[]odi-go
 []


Underfull \hbox (badness 1867) in paragraph at lines 302--303
[]|\OT1/ptm/m/n/12 Complejo (Sin ex-pe-rien-
 []


Underfull \hbox (badness 1596) in paragraph at lines 302--303
\OT1/ptm/m/n/12 cia), Me-dia (Ex-pe-rien-cia
 []


Underfull \hbox (badness 1888) in paragraph at lines 302--303
\OT1/ptm/m/n/12 en pa-ra-dig-ma o sin-ta-xis
 []


Underfull \hbox (badness 10000) in paragraph at lines 324--324
[]|\OT1/ptm/m/n/12 Multiparadigma:
 []


Underfull \hbox (badness 10000) in paragraph at lines 324--324
\OT1/ptm/m/n/12 pro-gra-ma-ci[]on
 []


Underfull \hbox (badness 10000) in paragraph at lines 324--324
\OT1/ptm/m/n/12 orien-ta-da a
 []


Underfull \hbox (badness 10000) in paragraph at lines 324--324
\OT1/ptm/m/n/12 ob-je-tos, pro-gra-
 []


Underfull \hbox (badness 10000) in paragraph at lines 324--324
\OT1/ptm/m/n/12 pro-gra-ma-ci[]on
 []


Underfull \hbox (badness 10000) in paragraph at lines 324--324
\OT1/ptm/m/n/12 es-truc-tu-ra-da,
 []


Underfull \hbox (badness 10000) in paragraph at lines 324--324
\OT1/ptm/m/n/12 pro-gra-ma-ci[]on
 []


Underfull \hbox (badness 10000) in paragraph at lines 325--325
[]|\OT1/ptm/m/n/12 Multiparadigma:
 []


Underfull \hbox (badness 10000) in paragraph at lines 325--325
\OT1/ptm/m/n/12 pro-gra-ma-ci[]on
 []


Underfull \hbox (badness 10000) in paragraph at lines 325--325
\OT1/ptm/m/n/12 orien-ta-da a
 []


Underfull \hbox (badness 10000) in paragraph at lines 325--325
\OT1/ptm/m/n/12 ob-je-tos, pro-gra-
 []


Underfull \hbox (badness 10000) in paragraph at lines 325--325
\OT1/ptm/m/n/12 pro-gra-ma-ci[]on
 []


Underfull \hbox (badness 10000) in paragraph at lines 325--325
\OT1/ptm/m/n/12 es-truc-tu-ra-da,
 []


Underfull \hbox (badness 10000) in paragraph at lines 325--325
\OT1/ptm/m/n/12 pro-gra-ma-ci[]on
 []


Underfull \hbox (badness 10000) in paragraph at lines 325--325
\OT1/ptm/m/n/12 re-fle-xi-va y
 []


Underfull \hbox (badness 10000) in paragraph at lines 325--325
\OT1/ptm/m/n/12 pro-gra-ma-ci[]on
 []


Underfull \hbox (badness 10000) in paragraph at lines 328--328
[]|\OT1/ptm/m/n/12 Plataformas
 []


Underfull \hbox (badness 3158) in paragraph at lines 396--396
\OT1/ptm/m/n/12 por-te desa-rro-llo pa-ra el
 []


Underfull \hbox (badness 2165) in paragraph at lines 404--404
\OT1/ptm/m/n/12 de las he-rra-mien-tas que
 []


Underfull \hbox (badness 1122) in paragraph at lines 404--404
\OT1/ptm/m/n/12 con-su-ma me-nos re-cur-sos
 []


Underfull \hbox (badness 10000) in paragraph at lines 408--408
\OT1/ptm/m/n/12 f[]acil-men-te mo-di-fi-ca-ble,
 []

[34]
Underfull \hbox (badness 10000) in paragraph at lines 425--425
[]|\OT1/ptm/m/n/12 Soporte pa-ra
 []


Underfull \hbox (badness 10000) in paragraph at lines 425--425
\OT1/ptm/m/n/12 Desa-rro-llo Ja-va
 []


Underfull \hbox (badness 3148) in paragraph at lines 437--437
[]|\OT1/ptm/m/n/12 Eficiencia de la
 []

[35] [36] [37]
Underfull \hbox (badness 1038) in paragraph at lines 485--486
\OT1/ptm/m/n/12 iP-ho-ne (Ap-ple iOS), Black-
 []


Underfull \hbox (badness 2772) in paragraph at lines 488--488
\OT1/ptm/m/n/12 ma-ne-ra efi-cien-te y es m[]as
 []


Underfull \hbox (badness 1552) in paragraph at lines 489--490
\OT1/ptm/m/n/12 usua-rios el ac-ce-so in-for-ma-
 []


Underfull \hbox (badness 5696) in paragraph at lines 492--492
[]|\OT1/ptm/m/n/12 SQLite es com-pa-ti-ble con
 []


Underfull \hbox (badness 10000) in paragraph at lines 493--494
[]|\OT1/ptm/m/n/12 Oracle es com-pa-ti-ble con
 []


Underfull \hbox (badness 10000) in paragraph at lines 493--494
\OT1/ptm/m/n/12 ACID, adem[]as de ma-ne-
 []


Underfull \hbox (badness 10000) in paragraph at lines 493--494
\OT1/ptm/m/n/12 jar in-te-gri-dad re-fe-ren-cial,
 []


Underfull \hbox (badness 1796) in paragraph at lines 493--494
\OT1/ptm/m/n/12 transac-cio-nes y est[]andar de
 []

[38] [39] [40]
Underfull \hbox (badness 1067) in paragraph at lines 685--685
[]\OT1/ptm/m/n/12 Preocupaci[]on y es-me-ro por el
 []


Underfull \hbox (badness 1360) in paragraph at lines 691--691
[]\OT1/ptm/m/n/12 No con-tar con los pla-nos del
 []


Underfull \hbox (badness 1360) in paragraph at lines 698--698
[]\OT1/ptm/m/n/12 Ampliaci[]on de mer-ca-do en el
 []

) (./Capitulos/5AnalisisGeneral/Secciones/5-2AnalisisRequerimientos.tex
[41]
Underfull \hbox (badness 2913) in paragraph at lines 28--29
\OT1/ptm/m/n/12 dian-te la uti-li-zan-do ae-ro-na-ves,
 []


Underfull \hbox (badness 10000) in paragraph at lines 42--42
[]|\OT1/ptm/m/n/12 Visualizar los
 []


Underfull \hbox (badness 10000) in paragraph at lines 42--42
\OT1/ptm/m/n/12 vue-los de las
 []


Underfull \hbox (badness 10000) in paragraph at lines 57--57
[]|\OT1/ptm/m/n/12 Recordar do-cu-
 []


Underfull \hbox (badness 10000) in paragraph at lines 67--67
[]|\OT1/ptm/m/n/12 Guardar ob-je-tos
 []


Underfull \hbox (badness 10000) in paragraph at lines 87--87
[]|\OT1/ptm/m/n/12 Informaci[]on del
 []


Underfull \hbox (badness 10000) in paragraph at lines 88--89
[]|\OT1/ptm/m/n/12 El via-je-ro de-be co-no-cer el
 []


Underfull \hbox (badness 3229) in paragraph at lines 88--89
\OT1/ptm/m/n/12 tel[]efono, di-rec-ci[]on, ma-pa, etc.
 []


Underfull \hbox (badness 6658) in paragraph at lines 88--89
\OT1/ptm/m/n/12 del ae-ro-puer-to pa-ra cual-quier
 []


Underfull \hbox (badness 4819) in paragraph at lines 88--89
\OT1/ptm/m/n/12 si-tua-ci[]on o ne-ce-si-dad que se
 []

[42] [43] [44] [45] [46]
Underfull \hbox (badness 10000) in paragraph at lines 267--268
[]|\OT1/ptm/m/n/12 Definici[]on
 []


Underfull \hbox (badness 10000) in paragraph at lines 267--268
\OT1/ptm/m/n/12 del sis-te-ma,
 []

[47]) (./Capitulos/5AnalisisGeneral/Secciones/5-3AnalisisRiesgos.tex [48]
[49]
Underfull \hbox (badness 2495) in paragraph at lines 105--105
[]|[]\OT1/ptm/b/n/12 Ausencia de alg[]un in-te-gran-te del
 []


Underfull \hbox (badness 2326) in paragraph at lines 120--120
[]|[]\OT1/ptm/b/n/12 Funcionamiento inade-cua-do en la
 []


Underfull \hbox (badness 6461) in paragraph at lines 125--125
[]|[]\OT1/ptm/b/n/12 Incorrecta de-fi-ni-ci[]on de la pro-
 []


Underfull \hbox (badness 10000) in paragraph at lines 148--150

 []


Underfull \hbox (badness 10000) in paragraph at lines 187--189

 []

)) [50] [51] [52]
\openout2 = `Capitulos/6ConfiguracionAmbienteDesarrollo/6ConfiguracionAmbienteD
esarrollo.aux'.


(./Capitulos/6ConfiguracionAmbienteDesarrollo/6ConfiguracionAmbienteDesarrollo.
tex
Cap\'{\i }tulo 6.
------------------------------------------------------------------------------
 6 Configuraci\IeC {\'o}n del Ambiente de Desarrollo
------------------------------------------------------------------------------
[53



] [54]) [55]
\openout2 = `Capitulos/7DisenoTASMC/7DisenoTASMC.aux'.

 (./Capitulos/7DisenoTASMC/7DisenoTASMC.tex
Cap\'{\i }tulo 7.
------------------------------------------------------------------------------
 7 Dise\IeC {\~n}o TASMC
------------------------------------------------------------------------------
(./Capitulos/7DisenoTASMC/Secciones/7-1Actores.tex
Underfull \hbox (badness 10000) in paragraph at lines 18--18
[]|\OT1/ptm/b/n/12 Fecha
 []


Underfull \hbox (badness 10000) in paragraph at lines 20--20
[]|\OT1/ptm/b/n/12 Fecha
 []


Underfull \hbox (badness 10000) in paragraph at lines 20--21
[]|\OT1/ptm/b/n/12 Estatus
 []

<Figuras/actores.png, id=991, 275.0275pt x 133.49875pt>
File: Figuras/actores.png Graphic file (type png)

<use Figuras/actores.png>
Package pdftex.def Info: Figuras/actores.png used on input line 32.
(pdftex.def)             Requested size: 208.73653pt x 101.3236pt.

Underfull \hbox (badness 10000) in paragraph at lines 51--51
[]|\OT1/ptm/b/n/12 Fecha
 []


Underfull \hbox (badness 10000) in paragraph at lines 53--53
[]|\OT1/ptm/b/n/12 Fecha
 []


Underfull \hbox (badness 10000) in paragraph at lines 53--54
[]|\OT1/ptm/b/n/12 Estatus
 []

) (./Capitulos/7DisenoTASMC/Secciones/7-2CasosUsoAdministrador.tex
<Figuras/cugeneralAdministrador.png, id=992, 277.035pt x 238.0092pt>
File: Figuras/cugeneralAdministrador.png Graphic file (type png)

<use Figuras/cugeneralAdministrador.png>
Package pdftex.def Info: Figuras/cugeneralAdministrador.png used on input line 
7.
(pdftex.def)             Requested size: 166.98668pt x 143.46394pt.
 [56



]
<Figuras/cuGestionarUsuario.png, id=997, 311.7246pt x 88.6512pt>
File: Figuras/cuGestionarUsuario.png Graphic file (type png)

<use Figuras/cuGestionarUsuario.png>
Package pdftex.def Info: Figuras/cuGestionarUsuario.png used on input line 17.
(pdftex.def)             Requested size: 375.7232pt x 106.85298pt.
 [57 <./Figuras/actores.png> <./Figuras/cugeneralAdministrador.png>]
Underfull \hbox (badness 10000) in paragraph at lines 35--35
[]|\OT1/ptm/b/n/12 Fecha
 []


Underfull \hbox (badness 10000) in paragraph at lines 37--37
[]|\OT1/ptm/b/n/12 Fecha
 []


Underfull \hbox (badness 10000) in paragraph at lines 37--38
[]|\OT1/ptm/b/n/12 Estatus
 []


Underfull \vbox (badness 10000) detected at line 45
 []

<Figuras/cuRegistrarEquipaje.png, id=1005, 311.7246pt x 88.6512pt>
File: Figuras/cuRegistrarEquipaje.png Graphic file (type png)

<use Figuras/cuRegistrarEquipaje.png>
Package pdftex.def Info: Figuras/cuRegistrarEquipaje.png used on input line 61.

(pdftex.def)             Requested size: 375.7232pt x 106.85298pt.
 [58 <./Figuras/cuGestionarUsuario.png>]
Underfull \hbox (badness 10000) in paragraph at lines 79--79
[]|\OT1/ptm/b/n/12 Fecha
 []


Underfull \hbox (badness 10000) in paragraph at lines 81--81
[]|\OT1/ptm/b/n/12 Fecha
 []


Underfull \hbox (badness 10000) in paragraph at lines 81--82
[]|\OT1/ptm/b/n/12 Estatus
 []


Underfull \vbox (badness 10000) detected at line 89
 []

[59 <./Figuras/cuRegistrarEquipaje.png>]
<Figuras/cuGestionarLugar.png, id=1026, 311.7246pt x 88.6512pt>
File: Figuras/cuGestionarLugar.png Graphic file (type png)

<use Figuras/cuGestionarLugar.png>
Package pdftex.def Info: Figuras/cuGestionarLugar.png used on input line 117.
(pdftex.def)             Requested size: 375.7232pt x 106.85298pt.

Underfull \hbox (badness 10000) in paragraph at lines 135--135
[]|\OT1/ptm/b/n/12 Fecha
 []


Underfull \hbox (badness 10000) in paragraph at lines 137--137
[]|\OT1/ptm/b/n/12 Fecha
 []


Underfull \hbox (badness 10000) in paragraph at lines 137--138
[]|\OT1/ptm/b/n/12 Estatus
 []


Underfull \vbox (badness 10000) detected at line 145
 []

[60 <./Figuras/cuGestionarLugar.png>])
(./Capitulos/7DisenoTASMC/Secciones/7-3CasosUsoUsuario.tex
<Figuras/cugeneralUsuario.png, id=1034, 443.7378pt x 357.4956pt>
File: Figuras/cugeneralUsuario.png Graphic file (type png)

<use Figuras/cugeneralUsuario.png>
Package pdftex.def Info: Figuras/cugeneralUsuario.png used on input line 7.
(pdftex.def)             Requested size: 375.7232pt x 302.71078pt.

<Figuras/cuConfigurarViaje.png, id=1035, 235.1184pt x 63.5976pt>
File: Figuras/cuConfigurarViaje.png Graphic file (type png)

<use Figuras/cuConfigurarViaje.png>
Package pdftex.def Info: Figuras/cuConfigurarViaje.png used on input line 17.
(pdftex.def)             Requested size: 375.7232pt x 101.63982pt.
 [61 <./Figuras/cugeneralUsuario.png>]
Underfull \hbox (badness 10000) in paragraph at lines 35--35
[]|\OT1/ptm/b/n/12 Fecha
 []


Underfull \hbox (badness 10000) in paragraph at lines 37--37
[]|\OT1/ptm/b/n/12 Fecha
 []


Underfull \hbox (badness 10000) in paragraph at lines 37--38
[]|\OT1/ptm/b/n/12 Estatus
 []


Underfull \vbox (badness 10000) detected at line 47
 []

[62 <./Figuras/cuConfigurarViaje.png>] [63]
<Figuras/cuConsultarHotel.png, id=1067, 249.0906pt x 88.6512pt>
File: Figuras/cuConsultarHotel.png Graphic file (type png)

<use Figuras/cuConsultarHotel.png>
Package pdftex.def Info: Figuras/cuConsultarHotel.png used on input line 88.
(pdftex.def)             Requested size: 375.7232pt x 133.73396pt.

Underfull \hbox (badness 10000) in paragraph at lines 106--106
[]|\OT1/ptm/b/n/12 Fecha
 []


Underfull \hbox (badness 10000) in paragraph at lines 108--108
[]|\OT1/ptm/b/n/12 Fecha
 []


Underfull \hbox (badness 10000) in paragraph at lines 108--109
[]|\OT1/ptm/b/n/12 Estatus
 []


Underfull \vbox (badness 10000) detected at line 116
 []

[64 <./Figuras/cuConsultarHotel.png>] [65]
<Figuras/cuConsultarVuelo.png, id=1095, 249.0906pt x 88.6512pt>
File: Figuras/cuConsultarVuelo.png Graphic file (type png)

<use Figuras/cuConsultarVuelo.png>
Package pdftex.def Info: Figuras/cuConsultarVuelo.png used on input line 168.
(pdftex.def)             Requested size: 375.7232pt x 133.73396pt.

Underfull \hbox (badness 10000) in paragraph at lines 186--186
[]|\OT1/ptm/b/n/12 Fecha
 []


Underfull \hbox (badness 10000) in paragraph at lines 188--188
[]|\OT1/ptm/b/n/12 Fecha
 []


Underfull \hbox (badness 10000) in paragraph at lines 188--189
[]|\OT1/ptm/b/n/12 Estatus
 []


Underfull \vbox (badness 10000) detected at line 198
 []

[66 <./Figuras/cuConsultarVuelo.png>] [67]
<Figuras/cuConsultarInformacionAICM.png, id=1121, 311.7246pt x 88.6512pt>
File: Figuras/cuConsultarInformacionAICM.png Graphic file (type png)

<use Figuras/cuConsultarInformacionAICM.png>
Package pdftex.def Info: Figuras/cuConsultarInformacionAICM.png used on input l
ine 250.
(pdftex.def)             Requested size: 375.7232pt x 106.85298pt.

Underfull \hbox (badness 10000) in paragraph at lines 268--268
[]|\OT1/ptm/b/n/12 Fecha
 []


Underfull \hbox (badness 10000) in paragraph at lines 270--270
[]|\OT1/ptm/b/n/12 Fecha
 []


Underfull \hbox (badness 10000) in paragraph at lines 270--271
[]|\OT1/ptm/b/n/12 Estatus
 []


Underfull \vbox (badness 10000) detected at line 278
 []


Overfull \vbox (25.25392pt too high) has occurred while \output is active []


[68 <./Figuras/cuConsultarInformacionAICM.png>]
<Figuras/cuGestionarEquipajeU.png, id=1130, 311.7246pt x 88.6512pt>
File: Figuras/cuGestionarEquipajeU.png Graphic file (type png)

<use Figuras/cuGestionarEquipajeU.png>
Package pdftex.def Info: Figuras/cuGestionarEquipajeU.png used on input line 30
4.
(pdftex.def)             Requested size: 375.7232pt x 106.85298pt.
 [69 <./Figuras/cuGestionarEquipajeU.png>]
Underfull \hbox (badness 10000) in paragraph at lines 322--322
[]|\OT1/ptm/b/n/12 Fecha
 []


Underfull \hbox (badness 10000) in paragraph at lines 324--324
[]|\OT1/ptm/b/n/12 Fecha
 []


Underfull \hbox (badness 10000) in paragraph at lines 324--325
[]|\OT1/ptm/b/n/12 Estatus
 []


Underfull \vbox (badness 10000) detected at line 334
 []

<Figuras/cuConsultarItinerarioViaje.png, id=1141, 311.7246pt x 88.6512pt>
File: Figuras/cuConsultarItinerarioViaje.png Graphic file (type png)

<use Figuras/cuConsultarItinerarioViaje.png>
Package pdftex.def Info: Figuras/cuConsultarItinerarioViaje.png used on input l
ine 357.
(pdftex.def)             Requested size: 375.7232pt x 106.85298pt.
 [70]
Underfull \hbox (badness 10000) in paragraph at lines 375--375
[]|\OT1/ptm/b/n/12 Fecha
 []


Underfull \hbox (badness 10000) in paragraph at lines 377--377
[]|\OT1/ptm/b/n/12 Fecha
 []


Underfull \hbox (badness 10000) in paragraph at lines 377--378
[]|\OT1/ptm/b/n/12 Estatus
 []


Underfull \vbox (badness 10000) detected at line 387
 []

[71 <./Figuras/cuConsultarItinerarioViaje.png>] [72]
<Figuras/cuConsultarRutacasa-AICM.png, id=1183, 311.7246pt x 88.6512pt>
File: Figuras/cuConsultarRutacasa-AICM.png Graphic file (type png)

<use Figuras/cuConsultarRutacasa-AICM.png>
Package pdftex.def Info: Figuras/cuConsultarRutacasa-AICM.png used on input lin
e 434.
(pdftex.def)             Requested size: 375.7232pt x 106.85298pt.

Underfull \hbox (badness 10000) in paragraph at lines 452--452
[]|\OT1/ptm/b/n/12 Fecha
 []


Underfull \hbox (badness 10000) in paragraph at lines 454--454
[]|\OT1/ptm/b/n/12 Fecha
 []


Underfull \hbox (badness 10000) in paragraph at lines 454--455
[]|\OT1/ptm/b/n/12 Estatus
 []


Underfull \vbox (badness 10000) detected at line 464
 []

[73 <./Figuras/cuConsultarRutacasa-AICM.png>]
<Figuras/cuUbicarAICM.png, id=1193, 311.7246pt x 88.6512pt>
File: Figuras/cuUbicarAICM.png Graphic file (type png)

<use Figuras/cuUbicarAICM.png>
Package pdftex.def Info: Figuras/cuUbicarAICM.png used on input line 491.
(pdftex.def)             Requested size: 375.7232pt x 106.85298pt.
 [74 <./Figuras/cuUbicarAICM.png>]
Underfull \hbox (badness 10000) in paragraph at lines 509--509
[]|\OT1/ptm/b/n/12 Fecha
 []


Underfull \hbox (badness 10000) in paragraph at lines 511--511
[]|\OT1/ptm/b/n/12 Fecha
 []


Underfull \hbox (badness 10000) in paragraph at lines 511--512
[]|\OT1/ptm/b/n/12 Estatus
 []


Underfull \vbox (badness 10000) detected at line 521
 []

[75]
<Figuras/cuConsultarInformacionVuelo.png, id=1213, 328.5876pt x 88.6512pt>
File: Figuras/cuConsultarInformacionVuelo.png Graphic file (type png)

<use Figuras/cuConsultarInformacionVuelo.png>
Package pdftex.def Info: Figuras/cuConsultarInformacionVuelo.png used on input 
line 537.
(pdftex.def)             Requested size: 375.7232pt x 101.37453pt.

Underfull \hbox (badness 10000) in paragraph at lines 555--555
[]|\OT1/ptm/b/n/12 Fecha
 []


Underfull \hbox (badness 10000) in paragraph at lines 557--557
[]|\OT1/ptm/b/n/12 Fecha
 []


Underfull \hbox (badness 10000) in paragraph at lines 557--558
[]|\OT1/ptm/b/n/12 Estatus
 []


Underfull \vbox (badness 10000) detected at line 565
 []

[76 <./Figuras/cuConsultarInformacionVuelo.png>])
(./Capitulos/7DisenoTASMC/Secciones/7-4DiagramaClases.tex
<Figuras/diagramaClasesMovil.png, id=1229, 1006.76125pt x 1083.04625pt>
File: Figuras/diagramaClasesMovil.png Graphic file (type png)

<use Figuras/diagramaClasesMovil.png>
Package pdftex.def Info: Figuras/diagramaClasesMovil.png used on input line 5.
(pdftex.def)             Requested size: 417.47307pt x 449.10878pt.
 [77])
(./Capitulos/7DisenoTASMC/Secciones/7-5DisenoEsquemaBaseDatos.tex [78 <./Figura
s/diagramaClasesMovil.png>]
<Figuras/relacionalAdmin.png, id=1254, 681.54625pt x 387.4475pt>
File: Figuras/relacionalAdmin.png Graphic file (type png)

<use Figuras/relacionalAdmin.png>
Package pdftex.def Info: Figuras/relacionalAdmin.png used on input line 8.
(pdftex.def)             Requested size: 333.97972pt x 189.86275pt.

<Figuras/relacionalMovil.png, id=1255, 866.23625pt x 636.3775pt>
File: Figuras/relacionalMovil.png Graphic file (type png)

<use Figuras/relacionalMovil.png>
Package pdftex.def Info: Figuras/relacionalMovil.png used on input line 16.
(pdftex.def)             Requested size: 417.47307pt x 306.69093pt.
)
(./Capitulos/7DisenoTASMC/Secciones/7-6DiagramaSecuencia.tex [79 <./Figuras/rel
acionalAdmin.png> <./Figuras/relacionalMovil.png>]
<Figuras/secGestionarUsuario.png, id=1260, 407.6028pt x 261.1356pt>
File: Figuras/secGestionarUsuario.png Graphic file (type png)

<use Figuras/secGestionarUsuario.png>
Package pdftex.def Info: Figuras/secGestionarUsuario.png used on input line 7.
(pdftex.def)             Requested size: 417.47307pt x 267.4625pt.

<Figuras/secRegistrarEquipaje.png, id=1261, 394.1124pt x 245.718pt>
File: Figuras/secRegistrarEquipaje.png Graphic file (type png)

<use Figuras/secRegistrarEquipaje.png>
Package pdftex.def Info: Figuras/secRegistrarEquipaje.png used on input line 15
.
(pdftex.def)             Requested size: 417.47307pt x 260.2911pt.


LaTeX Warning: `h' float specifier changed to `ht'.

<Figuras/secGestionarLugar.png, id=1262, 394.1124pt x 245.718pt>
File: Figuras/secGestionarLugar.png Graphic file (type png)

<use Figuras/secGestionarLugar.png>
Package pdftex.def Info: Figuras/secGestionarLugar.png used on input line 23.
(pdftex.def)             Requested size: 417.47307pt x 260.2911pt.


LaTeX Warning: `h' float specifier changed to `ht'.

<Figuras/secConfigurarViaje.png, id=1263, 397.485pt x 257.2812pt>
File: Figuras/secConfigurarViaje.png Graphic file (type png)

<use Figuras/secConfigurarViaje.png>
Package pdftex.def Info: Figuras/secConfigurarViaje.png used on input line 31.
(pdftex.def)             Requested size: 417.47307pt x 270.22783pt.


LaTeX Warning: `h' float specifier changed to `ht'.

<Figuras/secConsultarHotel.png, id=1264, 407.121pt x 242.8272pt>
File: Figuras/secConsultarHotel.png Graphic file (type png)

<use Figuras/secConsultarHotel.png>
Package pdftex.def Info: Figuras/secConsultarHotel.png used on input line 39.
(pdftex.def)             Requested size: 417.47307pt x 249.01434pt.


LaTeX Warning: `h' float specifier changed to `ht'.

<Figuras/secConsultarVuelo.png, id=1265, 443.7378pt x 226.9278pt>
File: Figuras/secConsultarVuelo.png Graphic file (type png)

<use Figuras/secConsultarVuelo.png>
Package pdftex.def Info: Figuras/secConsultarVuelo.png used on input line 47.
(pdftex.def)             Requested size: 417.47307pt x 213.5026pt.


LaTeX Warning: `h' float specifier changed to `ht'.

<Figuras/secConsultarInformacionAICM.png, id=1266, 213.9192pt x 240.4182pt>
File: Figuras/secConsultarInformacionAICM.png Graphic file (type png)

<use Figuras/secConsultarInformacionAICM.png>
Package pdftex.def Info: Figuras/secConsultarInformacionAICM.png used on input 
line 55.
(pdftex.def)             Requested size: 417.47307pt x 469.21346pt.


LaTeX Warning: `h' float specifier changed to `ht'.

<Figuras/secGestionarEquipaje.png, id=1267, 335.8146pt x 327.624pt>
File: Figuras/secGestionarEquipaje.png Graphic file (type png)

<use Figuras/secGestionarEquipaje.png>
Package pdftex.def Info: Figuras/secGestionarEquipaje.png used on input line 63
.
(pdftex.def)             Requested size: 417.47307pt x 407.28937pt.


LaTeX Warning: `h' float specifier changed to `ht'.

<Figuras/secConsultarItinerarioViaje.png, id=1268, 417.2388pt x 411.4572pt>
File: Figuras/secConsultarItinerarioViaje.png Graphic file (type png)

<use Figuras/secConsultarItinerarioViaje.png>
Package pdftex.def Info: Figuras/secConsultarItinerarioViaje.png used on input 
line 71.
(pdftex.def)             Requested size: 417.47307pt x 411.70102pt.


LaTeX Warning: `h' float specifier changed to `ht'.

<Figuras/secConsultarRutacasa-AICM.png, id=1269, 335.8146pt x 167.6664pt>
File: Figuras/secConsultarRutacasa-AICM.png Graphic file (type png)

<use Figuras/secConsultarRutacasa-AICM.png>
Package pdftex.def Info: Figuras/secConsultarRutacasa-AICM.png used on input li
ne 79.
(pdftex.def)             Requested size: 417.47307pt x 208.4363pt.


LaTeX Warning: `h' float specifier changed to `ht'.

<Figuras/secUbicarAICM.png, id=1270, 227.4096pt x 204.2832pt>
File: Figuras/secUbicarAICM.png Graphic file (type png)

<use Figuras/secUbicarAICM.png>
Package pdftex.def Info: Figuras/secUbicarAICM.png used on input line 87.
(pdftex.def)             Requested size: 417.47307pt x 375.02219pt.


LaTeX Warning: `h' float specifier changed to `ht'.

<Figuras/secConsultarInformacionVuelo.png, id=1271, 354.6048pt x 256.3176pt>
File: Figuras/secConsultarInformacionVuelo.png Graphic file (type png)

<use Figuras/secConsultarInformacionVuelo.png>
Package pdftex.def Info: Figuras/secConsultarInformacionVuelo.png used on input
 line 95.
(pdftex.def)             Requested size: 417.47307pt x 301.7677pt.


LaTeX Warning: `h' float specifier changed to `ht'.

) (./Capitulos/7DisenoTASMC/Secciones/7-7DiagramaDespliegue.tex
<Figuras/diagramaDespliegue.png, id=1272, 476.0184pt x 268.3626pt>
File: Figuras/diagramaDespliegue.png Graphic file (type png)

<use Figuras/diagramaDespliegue.png>
Package pdftex.def Info: Figuras/diagramaDespliegue.png used on input line 7.
(pdftex.def)             Requested size: 417.47307pt x 235.36131pt.


LaTeX Warning: `h' float specifier changed to `ht'.

[80 <./Figuras/secGestionarUsuario.png>])
(./Capitulos/7DisenoTASMC/Secciones/7-8DisenoInterfazGraficaUsuario.tex
[81 <./Figuras/secRegistrarEquipaje.png>])) [82 <./Figuras/secGestionarLugar.pn
g>] [83 <./Figuras/secConfigurarViaje.png> <./Figuras/secConsultarHotel.png>]
[84 <./Figuras/secConsultarVuelo.png>] [85 <./Figuras/secConsultarInformacionAI
CM.png>] [86 <./Figuras/secGestionarEquipaje.png>] [87 <./Figuras/secConsultarI
tinerarioViaje.png>] [88 <./Figuras/secConsultarRutacasa-AICM.png> <./Figuras/s
ecUbicarAICM.png>] [89 <./Figuras/secConsultarInformacionVuelo.png> <./Figuras/
diagramaDespliegue.png>] (./main.bbl
LaTeX Font Info:    Try loading font information for OT1+pcr on input line 12.

(/usr/local/texlive/2013/texmf-dist/tex/latex/psnfss/ot1pcr.fd
File: ot1pcr.fd 2001/06/04 font definitions for OT1/pcr.
)
Underfull \hbox (badness 2600) in paragraph at lines 9--13
[]\OT1/ptm/m/n/12 Juan Ma-nuel Garc[]^^Pa Cam-pos.  'apps' pa-ra via-jar, Ju-ni
o 2013.  URL
 []


Underfull \hbox (badness 10000) in paragraph at lines 9--13
[][]$\OT1/pcr/m/n/12 http : / / www . lavanguardia . com / estilos-[]de-[]vida 
/ 20130619 /
 []


Underfull \hbox (badness 10000) in paragraph at lines 15--20
\OT1/pcr/m/n/12 serv / contenidos / espanol / bvinegi / productos / encuestas /

 []


Underfull \hbox (badness 1577) in paragraph at lines 27--33
[]\OT1/ptm/m/n/12 South Mo-bi-le.  Crux in-door lo-ca-tion by south mo-bi-le (u
s) - sen-sor to-
 []


Underfull \hbox (badness 1622) in paragraph at lines 27--33
\OT1/ptm/m/n/12 ipad, Ju-lio 2012.  URL [][]$\OT1/pcr/m/n/12 https : / / sensor
tower . com / android / us /
 []


Underfull \hbox (badness 5711) in paragraph at lines 65--69
[]\OT1/ptm/m/n/12 Cory Jans-sen.  What is a mo-bi-le ap-pli-ca-tion - de-fi-ni-
tion from te-
 []

[90


]
Underfull \hbox (badness 10000) in paragraph at lines 71--76
[]\OT1/ptm/m/n/12 Mariana Quin-ta-ni-lla.  ?`qu[]e son y pa-ra que sir-ven las 
apli-
 []


Underfull \hbox (badness 10000) in paragraph at lines 71--76
\OT1/ptm/m/n/12 ca-cio-nes m[]ovi-les? | dosby-tes di-se[]no web blog, Ju-lio 2
013.
 []


Underfull \hbox (badness 10000) in paragraph at lines 71--76
\OT1/ptm/m/n/12 URL [][]$\OT1/pcr/m/n/12 http : / / blog . dosbytes . com . mx 
/ 2013 / 07 / 03 /
 []


Underfull \hbox (badness 10000) in paragraph at lines 78--81
[]\OT1/ptm/m/n/12 Future ubi-qui-tous com-pu-ting, Abril 14.  URL
 []


Underfull \hbox (badness 10000) in paragraph at lines 78--81
[][]$\OT1/pcr/m/n/12 http : / / www . thethinkingblog . com / 2007 / 07 /
 []


Underfull \hbox (badness 10000) in paragraph at lines 83--86
[]\OT1/ptm/m/n/12 Que es el gps y co-mo fun-cio-na, 2009.  URL [][]$\OT1/pcr/m/
n/12 http : / / www .
 []


Underfull \hbox (badness 10000) in paragraph at lines 83--86
\OT1/pcr/m/n/12 informatica-[]hoy . com . ar / aprender-[]informatica /
 []


Underfull \hbox (badness 3930) in paragraph at lines 129--132
[]\OT1/ptm/m/n/12 Estudios de re-mu-ne-ra-ci[]on 2013 - 2014, 2014.  URL [][]$\
OT1/pcr/m/n/12 http : / / www .
 []


Underfull \hbox (badness 10000) in paragraph at lines 129--132
\OT1/pcr/m/n/12 pagepersonnel . com . mx / productsApp _ ppmx / estudios _ de _

 []

[91])
Package atveryend Info: Empty hook `BeforeClearDocument' on input line 109.
 [92]
Package atveryend Info: Empty hook `AfterLastShipout' on input line 109.
 (./main.aux (./portada/portada.aux)
LaTeX Info: Redefining \. on input line 24.
LaTeX Info: Redefining \% on input line 24.

(./Capitulos/1Introduccion/1Introduccion.aux)
(./Capitulos/2EstadoDelArte/2EstadoDelArte.aux)
(./Capitulos/3MarcoTeorico/3MarcoTeorico.aux)
(./Capitulos/4MarcoMetodologico/4MarcoMetodologico.aux)
(./Capitulos/5AnalisisGeneral/5AnalisisGeneral.aux)
(./Capitulos/6ConfiguracionAmbienteDesarrollo/6ConfiguracionAmbienteDesarrollo.
aux) (./Capitulos/7DisenoTASMC/7DisenoTASMC.aux))
Package atveryend Info: Executing hook `AtVeryEndDocument' on input line 109.
Package atveryend Info: Executing hook `AtEndAfterFileList' on input line 109.
Package rerunfilecheck Info: File `main.out' has not changed.
(rerunfilecheck)             Checksum: AFE8620EA65A1D0248058181742B34AB;18462.
Package atveryend Info: Empty hook `AtVeryVeryEnd' on input line 109.
 ) 
Here is how much of TeX's memory you used:
 15174 strings out of 493315
 219098 string characters out of 6137904
 305163 words of memory out of 5000000
 17792 multiletter control sequences out of 15000+600000
 35463 words of font info for 77 fonts, out of 8000000 for 9000
 957 hyphenation exceptions out of 8191
 49i,17n,49p,2202b,632s stack positions out of 5000i,500n,10000p,200000b,80000s
{/usr/local/texlive/2013/texmf-dist/fonts/enc/dvips/base/8r.enc}</usr/local/t
exlive/2013/texmf-dist/fonts/type1/public/amsfonts/cm/cmsy10.pfb></usr/local/te
xlive/2013/texmf-dist/fonts/type1/public/amsfonts/cm/cmsy8.pfb></usr/local/texl
ive/2013/texmf-dist/fonts/type1/urw/courier/ucrr8a.pfb></usr/local/texlive/2013
/texmf-dist/fonts/type1/urw/times/utmb8a.pfb></usr/local/texlive/2013/texmf-dis
t/fonts/type1/urw/times/utmr8a.pfb></usr/local/texlive/2013/texmf-dist/fonts/ty
pe1/urw/times/utmri8a.pfb>
Output written on main.pdf (100 pages, 4523330 bytes).
PDF statistics:
 1497 PDF objects out of 1728 (max. 8388607)
 1280 compressed objects within 13 object streams
 417 named destinations out of 1000 (max. 500000)
 929 words of extra memory for PDF output out of 10000 (max. 10000000)

