\BOOKMARK [0][-]{dummy.3}{\376\377\000\315\000n\000d\000i\000c\000e\000\040\000g\000e\000n\000e\000r\000a\000l}{}% 1
\BOOKMARK [0][-]{dummy.5}{\376\377\000\315\000n\000d\000i\000c\000e\000\040\000d\000e\000\040\000f\000i\000g\000u\000r\000a\000s}{}% 2
\BOOKMARK [0][-]{dummy.7}{\376\377\000\315\000n\000d\000i\000c\000e\000\040\000d\000e\000\040\000t\000a\000b\000l\000a\000s}{}% 3
\BOOKMARK [0][-]{chapter.9}{\376\377\0001\000\040\000I\000n\000t\000r\000o\000d\000u\000c\000c\000i\000\363\000n}{}% 4
\BOOKMARK [1][-]{section.10}{\376\377\0001\000.\0001\000\040\000P\000r\000o\000b\000l\000e\000m\000\341\000t\000i\000c\000a}{chapter.9}% 5
\BOOKMARK [1][-]{section.11}{\376\377\0001\000.\0002\000\040\000S\000o\000l\000u\000c\000i\000\363\000n\000\040\000P\000r\000o\000p\000u\000e\000s\000t\000a}{chapter.9}% 6
\BOOKMARK [1][-]{section.13}{\376\377\0001\000.\0003\000\040\000A\000l\000c\000a\000n\000c\000e\000s\000\040\000y\000\040\000L\000i\000m\000i\000t\000a\000c\000i\000o\000n\000e\000s}{chapter.9}% 7
\BOOKMARK [1][-]{section.14}{\376\377\0001\000.\0004\000\040\000O\000b\000j\000e\000t\000i\000v\000o\000\040\000G\000e\000n\000e\000r\000a\000l}{chapter.9}% 8
\BOOKMARK [1][-]{section.15}{\376\377\0001\000.\0005\000\040\000O\000b\000j\000e\000t\000i\000v\000o\000s\000\040\000E\000s\000p\000e\000c\000\355\000f\000i\000c\000o\000s}{chapter.9}% 9
\BOOKMARK [1][-]{section.16}{\376\377\0001\000.\0006\000\040\000J\000u\000s\000t\000i\000f\000i\000c\000a\000c\000i\000\363\000n}{chapter.9}% 10
\BOOKMARK [0][-]{chapter.20}{\376\377\0002\000\040\000E\000s\000t\000a\000d\000o\000\040\000d\000e\000l\000\040\000A\000r\000t\000e}{}% 11
\BOOKMARK [0][-]{chapter.24}{\376\377\0003\000\040\000M\000a\000r\000c\000o\000\040\000T\000e\000\363\000r\000i\000c\000o}{}% 12
\BOOKMARK [1][-]{section.25}{\376\377\0003\000.\0001\000\040\000A\000p\000l\000i\000c\000a\000c\000i\000\363\000n\000\040\000M\000\363\000v\000i\000l}{chapter.24}% 13
\BOOKMARK [1][-]{section.26}{\376\377\0003\000.\0002\000\040\000C\000\363\000m\000p\000u\000t\000o\000\040\000M\000\363\000v\000i\000l}{chapter.24}% 14
\BOOKMARK [2][-]{subsection.27}{\376\377\0003\000.\0002\000.\0001\000\040\000C\000a\000r\000a\000c\000t\000e\000r\000\355\000s\000t\000i\000c\000a\000s\000\040\000d\000e\000\040\000l\000a\000\040\000C\000o\000m\000p\000u\000t\000a\000c\000i\000\363\000n\000\040\000M\000\363\000v\000i\000l}{section.26}% 15
\BOOKMARK [1][-]{section.28}{\376\377\0003\000.\0003\000\040\000C\000\363\000m\000p\000u\000t\000o\000\040\000U\000b\000i\000c\000u\000o}{chapter.24}% 16
\BOOKMARK [1][-]{section.30}{\376\377\0003\000.\0004\000\040\000G\000P\000S}{chapter.24}% 17
\BOOKMARK [2][-]{subsection.31}{\376\377\0003\000.\0004\000.\0001\000\040\000F\000u\000n\000c\000i\000o\000n\000a\000m\000i\000e\000n\000t\000o\000\040\000G\000P\000S}{section.30}% 18
\BOOKMARK [1][-]{section.32}{\376\377\0003\000.\0005\000\040\000I\000L\000S\000\040\000\050\000I\000n\000d\000o\000o\000r\000\040\000L\000o\000c\000a\000t\000i\000o\000n\000\040\000S\000y\000s\000t\000e\000m\000s\000\051\000\040\000S\000i\000s\000t\000e\000m\000a\000s\000\040\000d\000e\000\040\000L\000o\000c\000a\000l\000i\000z\000a\000c\000i\000\363\000n\000\040\000e\000n\000\040\000I\000n\000t\000e\000r\000i\000o\000r\000e\000s}{chapter.24}% 19
\BOOKMARK [2][-]{subsection.33}{\376\377\0003\000.\0005\000.\0001\000\040\000C\000l\000a\000s\000i\000f\000i\000c\000a\000c\000i\000\363\000n\000\040\000d\000e\000\040\000l\000o\000s\000\040\000s\000i\000s\000t\000e\000m\000a\000s\000\040\000I\000L\000S}{section.32}% 20
\BOOKMARK [2][-]{subsection.34}{\376\377\0003\000.\0005\000.\0002\000\040\000D\000i\000s\000t\000i\000n\000t\000a\000s\000\040\000s\000o\000l\000u\000c\000i\000o\000n\000e\000s\000\040\000t\000\351\000c\000n\000i\000c\000a\000s}{section.32}% 21
\BOOKMARK [3][-]{subsubsection.35}{\376\377\0003\000.\0005\000.\0002\000.\0001\000\040\000I\000d\000e\000n\000t\000i\000f\000i\000c\000a\000c\000i\000\363\000n\000\040\000p\000o\000r\000\040\000r\000a\000d\000i\000o\000f\000r\000e\000c\000u\000e\000n\000c\000i\000a}{subsection.34}% 22
\BOOKMARK [3][-]{subsubsection.36}{\376\377\0003\000.\0005\000.\0002\000.\0002\000\040\000I\000n\000f\000r\000a\000r\000r\000o\000j\000o\000s}{subsection.34}% 23
\BOOKMARK [3][-]{subsubsection.37}{\376\377\0003\000.\0005\000.\0002\000.\0003\000\040\000P\000i\000n\000p\000o\000i\000n\000t\000\040\0003\000D\000-\000I\000D\000\040\000d\000e\000\040\000R\000F\000\040\000t\000e\000c\000h\000n\000o\000l\000o\000g\000i\000e\000s}{subsection.34}% 24
\BOOKMARK [3][-]{subsubsection.38}{\376\377\0003\000.\0005\000.\0002\000.\0004\000\040\000R\000a\000d\000a\000r}{subsection.34}% 25
\BOOKMARK [3][-]{subsubsection.39}{\376\377\0003\000.\0005\000.\0002\000.\0005\000\040\000U\000l\000t\000r\000a\000s\000o\000n\000i\000d\000o\000s}{subsection.34}% 26
\BOOKMARK [3][-]{subsubsection.40}{\376\377\0003\000.\0005\000.\0002\000.\0006\000\040\000V\000i\000s\000i\000\363\000n\000\040\000A\000r\000t\000i\000f\000i\000c\000i\000a\000l}{subsection.34}% 27
\BOOKMARK [3][-]{subsubsection.41}{\376\377\0003\000.\0005\000.\0002\000.\0007\000\040\000Z\000i\000g\000b\000e\000e}{subsection.34}% 28
\BOOKMARK [3][-]{subsubsection.42}{\376\377\0003\000.\0005\000.\0002\000.\0008\000\040\000C\000a\000m\000p\000o\000\040\000M\000a\000g\000n\000\351\000t\000i\000c\000o}{subsection.34}% 29
\BOOKMARK [1][-]{section.45}{\376\377\0003\000.\0006\000\040\000S\000i\000s\000t\000e\000m\000a\000\040\000O\000p\000e\000r\000a\000t\000i\000v\000o\000\040\000M\000\363\000v\000i\000l\000\040\000A\000n\000d\000r\000o\000i\000d}{chapter.24}% 30
\BOOKMARK [2][-]{subsection.47}{\376\377\0003\000.\0006\000.\0001\000\040\000C\000a\000r\000a\000c\000t\000e\000r\000\355\000s\000t\000i\000c\000a\000s\000\040\000d\000e\000\040\000A\000n\000d\000r\000o\000i\000d}{section.45}% 31
\BOOKMARK [0][-]{chapter.48}{\376\377\0004\000\040\000M\000a\000r\000c\000o\000\040\000M\000e\000t\000o\000d\000o\000l\000\363\000g\000i\000c\000o}{}% 32
\BOOKMARK [0][-]{chapter.50}{\376\377\0005\000\040\000A\000n\000\341\000l\000i\000s\000i\000s\000\040\000G\000e\000n\000e\000r\000a\000l}{}% 33
\BOOKMARK [1][-]{section.51}{\376\377\0005\000.\0001\000\040\000E\000s\000t\000u\000d\000i\000o\000\040\000d\000e\000\040\000F\000a\000c\000t\000i\000b\000i\000l\000i\000d\000a\000d}{chapter.50}% 34
\BOOKMARK [2][-]{subsection.52}{\376\377\0005\000.\0001\000.\0001\000\040\000F\000a\000c\000t\000i\000b\000i\000l\000i\000d\000a\000d\000\040\000T\000\351\000c\000n\000i\000c\000a}{section.51}% 35
\BOOKMARK [3][-]{subsubsection.53}{\376\377\0005\000.\0001\000.\0001\000.\0001\000\040\000H\000a\000r\000d\000w\000a\000r\000e}{subsection.52}% 36
\BOOKMARK [3][-]{subsubsection.57}{\376\377\0005\000.\0001\000.\0001\000.\0002\000\040\000S\000o\000f\000t\000w\000a\000r\000e}{subsection.52}% 37
\BOOKMARK [4][-]{paragraph.58}{\376\377\0005\000.\0001\000.\0001\000.\0002\000.\0001\000\040\000S\000i\000s\000t\000e\000m\000a\000\040\000O\000p\000e\000r\000a\000t\000i\000v\000o\000\040\000M\000\363\000v\000i\000l}{subsubsection.57}% 38
\BOOKMARK [5][-]{subparagraph.60}{\376\377\0005\000.\0001\000.\0001\000.\0002\000.\0001\000.\0001\000\040\000A\000n\000d\000r\000o\000i\000d}{paragraph.58}% 39
\BOOKMARK [5][-]{subparagraph.61}{\376\377\0005\000.\0001\000.\0001\000.\0002\000.\0001\000.\0002\000\040\000V\000e\000r\000s\000i\000o\000n\000e\000s\000\040\000d\000e\000\040\000A\000n\000d\000r\000o\000i\000d}{paragraph.58}% 40
\BOOKMARK [4][-]{paragraph.64}{\376\377\0005\000.\0001\000.\0001\000.\0002\000.\0002\000\040\000L\000e\000n\000g\000u\000a\000j\000e\000\040\000d\000e\000\040\000P\000r\000o\000g\000r\000a\000m\000a\000c\000i\000\363\000n}{subsubsection.57}% 41
\BOOKMARK [4][-]{paragraph.67}{\376\377\0005\000.\0001\000.\0001\000.\0002\000.\0003\000\040\000S\000i\000s\000t\000e\000m\000a\000\040\000O\000p\000e\000r\000a\000t\000i\000v\000o\000\040\000d\000e\000\040\000E\000s\000c\000r\000i\000t\000o\000r\000i\000o}{subsubsection.57}% 42
\BOOKMARK [4][-]{paragraph.69}{\376\377\0005\000.\0001\000.\0001\000.\0002\000.\0004\000\040\000E\000n\000t\000o\000r\000n\000o\000\040\000d\000e\000\040\000D\000e\000s\000a\000r\000r\000o\000l\000l\000o\000\040\000I\000n\000t\000e\000g\000r\000a\000d\000o}{subsubsection.57}% 43
\BOOKMARK [4][-]{paragraph.72}{\376\377\0005\000.\0001\000.\0001\000.\0002\000.\0005\000\040\000H\000e\000r\000r\000a\000m\000i\000e\000n\000t\000a\000\040\000U\000M\000L}{subsubsection.57}% 44
\BOOKMARK [4][-]{paragraph.73}{\376\377\0005\000.\0001\000.\0001\000.\0002\000.\0006\000\040\000S\000i\000s\000t\000e\000m\000a\000\040\000G\000e\000s\000t\000o\000r\000\040\000d\000e\000\040\000B\000a\000s\000e\000\040\000d\000e\000\040\000D\000a\000t\000o\000s}{subsubsection.57}% 45
\BOOKMARK [4][-]{paragraph.75}{\376\377\0005\000.\0001\000.\0001\000.\0002\000.\0007\000\040\000A\000P\000I\000\040\000d\000e\000\040\000R\000u\000t\000a\000s\000\040\000d\000e\000\040\000G\000o\000o\000g\000l\000e\000\040\000M\000a\000p\000s}{subsubsection.57}% 46
\BOOKMARK [4][-]{paragraph.76}{\376\377\0005\000.\0001\000.\0001\000.\0002\000.\0008\000\040\000A\000P\000I\000\040\000d\000e\000\040\000I\000n\000d\000o\000o\000r\000A\000t\000l\000a\000s}{subsubsection.57}% 47
\BOOKMARK [4][-]{paragraph.77}{\376\377\0005\000.\0001\000.\0001\000.\0002\000.\0009\000\040\000S\000e\000r\000v\000i\000c\000i\000o\000s\000\040\000W\000e\000b\000\040\000A\000m\000a\000d\000e\000u\000s}{subsubsection.57}% 48
\BOOKMARK [2][-]{subsection.78}{\376\377\0005\000.\0001\000.\0002\000\040\000F\000a\000c\000t\000i\000b\000i\000l\000i\000d\000a\000d\000\040\000E\000c\000\363\000n\000o\000m\000i\000c\000a}{section.51}% 49
\BOOKMARK [2][-]{subsection.83}{\376\377\0005\000.\0001\000.\0003\000\040\000F\000a\000c\000t\000i\000b\000i\000l\000i\000d\000a\000d\000\040\000O\000p\000e\000r\000a\000t\000i\000v\000a}{section.51}% 50
\BOOKMARK [1][-]{section.85}{\376\377\0005\000.\0002\000\040\000A\000n\000\341\000l\000i\000s\000i\000s\000\040\000d\000e\000\040\000R\000e\000q\000u\000e\000r\000i\000m\000i\000e\000n\000t\000o\000s}{chapter.50}% 51
\BOOKMARK [2][-]{subsection.86}{\376\377\0005\000.\0002\000.\0001\000\040\000R\000e\000g\000l\000a\000s\000\040\000d\000e\000\040\000N\000e\000g\000o\000c\000i\000o}{section.85}% 52
\BOOKMARK [2][-]{subsection.88}{\376\377\0005\000.\0002\000.\0002\000\040\000R\000e\000q\000u\000e\000r\000i\000m\000i\000e\000n\000t\000o\000s\000\040\000B\000\341\000s\000i\000c\000o\000s\000\040\000\050\000R\000B\000\051}{section.85}% 53
\BOOKMARK [2][-]{subsection.90}{\376\377\0005\000.\0002\000.\0003\000\040\000R\000e\000q\000u\000e\000r\000i\000m\000i\000e\000n\000t\000o\000s\000\040\000F\000u\000n\000c\000i\000o\000n\000a\000l\000e\000s\000\040\000\050\000R\000F\000\051}{section.85}% 54
\BOOKMARK [2][-]{subsection.92}{\376\377\0005\000.\0002\000.\0004\000\040\000R\000e\000q\000u\000e\000r\000i\000m\000i\000e\000n\000t\000o\000s\000\040\000N\000o\000\040\000F\000u\000n\000c\000i\000o\000n\000a\000l\000e\000s\000\040\000\050\000R\000N\000F\000\051}{section.85}% 55
\BOOKMARK [1][-]{section.94}{\376\377\0005\000.\0003\000\040\000A\000n\000\341\000l\000i\000s\000i\000s\000\040\000d\000e\000\040\000R\000i\000e\000s\000g\000o\000s}{chapter.50}% 56
\BOOKMARK [0][-]{chapter.99}{\376\377\0006\000\040\000C\000o\000n\000f\000i\000g\000u\000r\000a\000c\000i\000\363\000n\000\040\000d\000e\000l\000\040\000A\000m\000b\000i\000e\000n\000t\000e\000\040\000d\000e\000\040\000D\000e\000s\000a\000r\000r\000o\000l\000l\000o}{}% 57
\BOOKMARK [1][-]{section.100}{\376\377\0006\000.\0001\000\040\000C\000o\000n\000f\000i\000g\000u\000r\000a\000c\000i\000\363\000n\000\040\000W\000e\000b\000\040\000S\000e\000r\000v\000i\000c\000e}{chapter.99}% 58
\BOOKMARK [1][-]{section.101}{\376\377\0006\000.\0002\000\040\000C\000o\000n\000f\000i\000g\000u\000r\000a\000c\000i\000\363\000n\000\040\000A\000p\000l\000i\000c\000a\000c\000i\000\363\000n\000\040\000M\000\363\000v\000i\000l\000\040}{chapter.99}% 59
\BOOKMARK [1][-]{section.102}{\376\377\0006\000.\0003\000\040\000C\000o\000n\000f\000i\000g\000u\000r\000a\000c\000i\000\363\000n\000\040\000B\000a\000s\000e\000\040\000d\000e\000\040\000D\000a\000t\000o\000s\000\040\000S\000Q\000L\000i\000t\000e}{chapter.99}% 60
\BOOKMARK [1][-]{section.103}{\376\377\0006\000.\0004\000\040\000C\000o\000n\000f\000i\000g\000u\000r\000a\000c\000i\000\363\000n\000\040\000G\000o\000o\000g\000l\000e\000\040\000M\000a\000p\000s\000\040\000A\000P\000I}{chapter.99}% 61
\BOOKMARK [1][-]{section.104}{\376\377\0006\000.\0005\000\040\000C\000o\000n\000f\000i\000g\000u\000r\000a\000c\000i\000\363\000n\000\040\000I\000n\000d\000o\000o\000r\000A\000t\000l\000a\000s\000\040\000A\000P\000I}{chapter.99}% 62
\BOOKMARK [1][-]{section.105}{\376\377\0006\000.\0006\000\040\000C\000o\000n\000f\000i\000g\000u\000r\000a\000c\000i\000\363\000n\000\040\000I\000D\000E}{chapter.99}% 63
\BOOKMARK [0][-]{chapter.106}{\376\377\0007\000\040\000D\000i\000s\000e\000\361\000o\000\040\000T\000A\000S\000M\000C}{}% 64
\BOOKMARK [1][-]{section.107}{\376\377\0007\000.\0001\000\040\000A\000c\000t\000o\000r\000e\000s}{chapter.106}% 65
\BOOKMARK [1][-]{section.111}{\376\377\0007\000.\0002\000\040\000C\000a\000s\000o\000s\000\040\000d\000e\000\040\000U\000s\000o\000\040\000d\000e\000l\000\040\000A\000d\000m\000i\000n\000i\000s\000t\000r\000a\000d\000o\000r}{chapter.106}% 66
\BOOKMARK [2][-]{subsection.112}{\376\377\0007\000.\0002\000.\0001\000\040\000D\000i\000a\000g\000r\000a\000m\000a\000\040\000d\000e\000\040\000C\000a\000s\000o\000s\000\040\000d\000e\000\040\000U\000s\000o\000\040\000G\000e\000n\000e\000r\000a\000l\000\040\000d\000e\000l\000\040\000A\000d\000m\000i\000n\000i\000s\000t\000r\000a\000d\000o\000r}{section.111}% 67
\BOOKMARK [2][-]{subsection.114}{\376\377\0007\000.\0002\000.\0002\000\040\000C\000a\000s\000o\000\040\000d\000e\000\040\000U\000s\000o\000\040\000G\000e\000s\000t\000i\000o\000n\000a\000r\000\040\000U\000s\000u\000a\000r\000i\000o}{section.111}% 68
\BOOKMARK [2][-]{subsection.120}{\376\377\0007\000.\0002\000.\0003\000\040\000C\000a\000s\000o\000\040\000d\000e\000\040\000U\000s\000o\000\040\000G\000e\000s\000t\000i\000o\000n\000a\000r\000\040\000E\000q\000u\000i\000p\000a\000j\000e}{section.111}% 69
\BOOKMARK [2][-]{subsection.129}{\376\377\0007\000.\0002\000.\0004\000\040\000C\000a\000s\000o\000\040\000d\000e\000\040\000U\000s\000o\000\040\000G\000e\000s\000t\000i\000o\000n\000a\000r\000\040\000L\000u\000g\000a\000r}{section.111}% 70
\BOOKMARK [1][-]{section.136}{\376\377\0007\000.\0003\000\040\000C\000a\000s\000o\000s\000\040\000d\000e\000\040\000U\000s\000o\000\040\000d\000e\000l\000\040\000U\000s\000u\000a\000r\000i\000o}{chapter.106}% 71
\BOOKMARK [2][-]{subsection.137}{\376\377\0007\000.\0003\000.\0001\000\040\000D\000i\000a\000g\000r\000a\000m\000a\000\040\000d\000e\000\040\000C\000a\000s\000o\000s\000\040\000d\000e\000\040\000U\000s\000o\000\040\000G\000e\000n\000e\000r\000a\000l\000\040\000d\000e\000l\000\040\000U\000s\000u\000a\000r\000i\000o}{section.136}% 72
\BOOKMARK [2][-]{subsection.139}{\376\377\0007\000.\0003\000.\0002\000\040\000C\000a\000s\000o\000\040\000d\000e\000\040\000U\000s\000o\000\040\000C\000o\000n\000f\000i\000g\000u\000r\000a\000r\000\040\000V\000i\000a\000j\000e}{section.136}% 73
\BOOKMARK [2][-]{subsection.151}{\376\377\0007\000.\0003\000.\0003\000\040\000C\000a\000s\000o\000\040\000d\000e\000\040\000U\000s\000o\000\040\000C\000o\000n\000s\000u\000l\000t\000a\000r\000\040\000H\000o\000t\000e\000l}{section.136}% 74
\BOOKMARK [2][-]{subsection.165}{\376\377\0007\000.\0003\000.\0004\000\040\000C\000a\000s\000o\000\040\000d\000e\000\040\000U\000s\000o\000\040\000C\000o\000n\000s\000u\000l\000t\000a\000r\000\040\000V\000u\000e\000l\000o}{section.136}% 75
\BOOKMARK [2][-]{subsection.179}{\376\377\0007\000.\0003\000.\0005\000\040\000C\000a\000s\000o\000\040\000d\000e\000\040\000U\000s\000o\000\040\000C\000o\000n\000s\000u\000l\000t\000a\000r\000\040\000I\000n\000f\000o\000r\000m\000a\000c\000i\000\363\000n\000\040\000A\000I\000C\000M}{section.136}% 76
\BOOKMARK [2][-]{subsection.186}{\376\377\0007\000.\0003\000.\0006\000\040\000C\000a\000s\000o\000\040\000d\000e\000\040\000U\000s\000o\000\040\000G\000e\000s\000t\000i\000o\000n\000a\000r\000\040\000E\000q\000u\000i\000p\000a\000j\000e}{section.136}% 77
\BOOKMARK [2][-]{subsection.198}{\376\377\0007\000.\0003\000.\0007\000\040\000C\000a\000s\000o\000\040\000d\000e\000\040\000U\000s\000o\000\040\000C\000o\000n\000s\000u\000l\000t\000a\000r\000\040\000I\000t\000i\000n\000e\000r\000a\000r\000i\000o\000\040\000d\000e\000\040\000V\000i\000a\000j\000e}{section.136}% 78
\BOOKMARK [2][-]{subsection.216}{\376\377\0007\000.\0003\000.\0008\000\040\000C\000a\000s\000o\000\040\000d\000e\000\040\000U\000s\000o\000\040\000C\000o\000n\000s\000u\000l\000t\000a\000r\000\040\000R\000u\000t\000a\000\040\000c\000a\000s\000a\000-\000A\000I\000C\000M}{section.136}% 79
\BOOKMARK [2][-]{subsection.224}{\376\377\0007\000.\0003\000.\0009\000\040\000C\000a\000s\000o\000\040\000d\000e\000\040\000U\000s\000o\000\040\000U\000b\000i\000c\000a\000r\000\040\000e\000n\000\040\000A\000I\000C\000M}{section.136}% 80
\BOOKMARK [2][-]{subsection.230}{\376\377\0007\000.\0003\000.\0001\0000\000\040\000C\000a\000s\000o\000\040\000d\000e\000\040\000U\000s\000o\000\040\000C\000o\000n\000s\000u\000l\000t\000a\000r\000\040\000I\000n\000f\000o\000r\000m\000a\000c\000i\000\363\000n\000\040\000d\000e\000\040\000V\000u\000e\000l\000o}{section.136}% 81
\BOOKMARK [1][-]{section.248}{\376\377\0007\000.\0004\000\040\000D\000i\000a\000g\000r\000a\000m\000a\000\040\000d\000e\000\040\000C\000l\000a\000s\000e\000s}{chapter.106}% 82
\BOOKMARK [1][-]{section.250}{\376\377\0007\000.\0005\000\040\000D\000i\000s\000e\000\361\000o\000\040\000d\000e\000\040\000E\000s\000q\000u\000e\000m\000a\000\040\000d\000e\000\040\000B\000a\000s\000e\000\040\000d\000e\000\040\000D\000a\000t\000o\000s}{chapter.106}% 83
\BOOKMARK [1][-]{section.253}{\376\377\0007\000.\0006\000\040\000D\000i\000a\000g\000r\000a\000m\000a\000s\000\040\000d\000e\000\040\000S\000e\000c\000u\000e\000n\000c\000i\000a}{chapter.106}% 84
\BOOKMARK [1][-]{section.266}{\376\377\0007\000.\0007\000\040\000D\000i\000a\000g\000r\000a\000m\000a\000\040\000d\000e\000\040\000D\000e\000s\000p\000l\000i\000e\000g\000u\000e}{chapter.106}% 85
\BOOKMARK [1][-]{section.276}{\376\377\0007\000.\0008\000\040\000D\000i\000s\000e\000\361\000o\000\040\000d\000e\000\040\000l\000a\000\040\000I\000n\000t\000e\000r\000f\000a\000z\000\040\000G\000r\000\341\000f\000i\000c\000a\000\040\000d\000e\000l\000\040\000U\000s\000u\000a\000r\000i\000o}{chapter.106}% 86
\BOOKMARK [2][-]{subsection.277}{\376\377\0007\000.\0008\000.\0001\000\040\000P\000a\000n\000t\000a\000l\000l\000a\000\040\000C\000U\000-\000U\000-\0000\0001\000-\0001\000:\000\040\000C\000o\000n\000f\000i\000g\000u\000r\000a\000r\000\040\000v\000i\000a\000j\000e}{section.276}% 87
\BOOKMARK [2][-]{subsection.279}{\376\377\0007\000.\0008\000.\0002\000\040\000P\000a\000n\000t\000a\000l\000l\000a\000\040\000C\000U\000-\000U\000-\0000\0002\000-\0001\000:\000\040\000C\000o\000n\000s\000u\000l\000t\000a\000r\000\040\000H\000o\000t\000e\000l}{section.276}% 88
\BOOKMARK [2][-]{subsection.281}{\376\377\0007\000.\0008\000.\0003\000\040\000P\000a\000n\000t\000a\000l\000l\000a\000\040\000C\000U\000-\000U\000-\0000\0003\000-\0001\000:\000\040\000C\000o\000n\000s\000u\000l\000t\000a\000r\000\040\000V\000u\000e\000l\000o}{section.276}% 89
\BOOKMARK [2][-]{subsection.283}{\376\377\0007\000.\0008\000.\0004\000\040\000P\000a\000n\000t\000a\000l\000l\000a\000\040\000C\000U\000-\000U\000-\0000\0004\000-\0001\000:\000\040\000C\000o\000n\000s\000u\000l\000t\000a\000r\000\040\000I\000n\000f\000o\000r\000m\000a\000c\000i\000\363\000n\000\040\000A\000I\000C\000M}{section.276}% 90
\BOOKMARK [2][-]{subsection.285}{\376\377\0007\000.\0008\000.\0005\000\040\000P\000a\000n\000t\000a\000l\000l\000a\000\040\000C\000U\000-\000U\000-\0000\0005\000-\0001\000:\000\040\000G\000e\000s\000t\000i\000o\000n\000a\000r\000\040\000E\000q\000u\000i\000p\000a\000j\000e}{section.276}% 91
\BOOKMARK [2][-]{subsection.287}{\376\377\0007\000.\0008\000.\0006\000\040\000P\000a\000n\000t\000a\000l\000l\000a\000\040\000C\000U\000-\000U\000-\0000\0006\000-\0001\000:\000\040\000C\000o\000n\000s\000u\000l\000t\000a\000r\000\040\000I\000t\000i\000n\000e\000r\000a\000r\000i\000o\000\040\000d\000e\000\040\000V\000i\000a\000j\000e}{section.276}% 92
\BOOKMARK [2][-]{subsection.289}{\376\377\0007\000.\0008\000.\0007\000\040\000P\000a\000n\000t\000a\000l\000l\000a\000\040\000C\000U\000-\000U\000-\0000\0007\000-\0001\000:\000\040\000C\000o\000n\000s\000u\000l\000t\000a\000r\000\040\000R\000u\000t\000a\000\040\000c\000a\000s\000a\000-\000A\000I\000C\000M}{section.276}% 93
\BOOKMARK [2][-]{subsection.291}{\376\377\0007\000.\0008\000.\0008\000\040\000P\000a\000n\000t\000a\000l\000l\000a\000\040\000C\000U\000-\000U\000-\0000\0008\000-\0001\000:\000\040\000U\000b\000i\000c\000a\000r\000\040\000e\000n\000\040\000A\000I\000C\000M}{section.276}% 94
\BOOKMARK [2][-]{subsection.293}{\376\377\0007\000.\0008\000.\0009\000\040\000P\000a\000n\000t\000a\000l\000l\000a\000\040\000C\000U\000-\000U\000-\0000\0009\000-\0001\000:\000\040\000C\000o\000n\000s\000u\000l\000t\000a\000r\000\040\000I\000n\000f\000o\000r\000m\000a\000c\000i\000\363\000n\000\040\000d\000e\000\040\000V\000u\000e\000l\000o}{section.276}% 95
\BOOKMARK [0][-]{chapter.295}{\376\377\0008\000\040\000D\000e\000s\000a\000r\000r\000o\000l\000l\000o\000\040\000e\000\040\000I\000m\000p\000l\000e\000m\000e\000n\000t\000a\000c\000i\000\363\000n\000\040\000d\000e\000l\000\040\000s\000i\000s\000t\000e\000m\000a}{}% 96
\BOOKMARK [1][-]{section.296}{\376\377\0008\000.\0001\000\040\000I\000n\000t\000r\000o\000d\000u\000c\000c\000i\000\363\000n}{chapter.295}% 97
\BOOKMARK [1][-]{section.297}{\376\377\0008\000.\0002\000\040\000A\000p\000l\000i\000c\000a\000c\000i\000\363\000n\000\040\000W\000e\000b\000\040\000\050\000S\000e\000r\000v\000i\000d\000o\000r\000\051}{chapter.295}% 98
\BOOKMARK [1][-]{section.298}{\376\377\0008\000.\0003\000\040\000A\000p\000l\000i\000c\000a\000c\000i\000\363\000n\000\040\000M\000\363\000v\000i\000l\000\040\000\050\000C\000l\000i\000e\000n\000t\000e\000\051}{chapter.295}% 99
\BOOKMARK [2][-]{subsection.299}{\376\377\0008\000.\0003\000.\0001\000\040\000N\000a\000v\000e\000g\000a\000c\000i\000\363\000n}{section.298}% 100
\BOOKMARK [2][-]{subsection.302}{\376\377\0008\000.\0003\000.\0002\000\040\000M\000\363\000d\000u\000l\000o\000\040\000C\000o\000n\000f\000i\000g\000u\000r\000a\000c\000i\000\363\000n\000\040\000d\000e\000\040\000l\000a\000\040\000a\000p\000l\000i\000c\000a\000c\000i\000\363\000n}{section.298}% 101
\BOOKMARK [2][-]{subsection.304}{\376\377\0008\000.\0003\000.\0003\000\040\000M\000\363\000d\000u\000l\000o\000\040\000H\000o\000t\000e\000l\000e\000s}{section.298}% 102
\BOOKMARK [3][-]{subsubsection.306}{\376\377\0008\000.\0003\000.\0003\000.\0001\000\040\000M\000\363\000d\000u\000l\000o\000\040\000H\000o\000t\000e\000l\000e\000s\000\040\000D\000i\000s\000p\000o\000n\000i\000b\000l\000e\000s}{subsection.304}% 103
\BOOKMARK [2][-]{subsection.309}{\376\377\0008\000.\0003\000.\0004\000\040\000M\000\363\000d\000u\000l\000o\000\040\000V\000u\000e\000l\000o\000s}{section.298}% 104
\BOOKMARK [3][-]{subsubsection.312}{\376\377\0008\000.\0003\000.\0004\000.\0001\000\040\000M\000\363\000d\000u\000l\000o\000\040\000V\000u\000e\000l\000o\000s\000\040\000D\000i\000s\000p\000o\000n\000i\000b\000l\000e\000s}{subsection.309}% 105
\BOOKMARK [2][-]{subsection.315}{\376\377\0008\000.\0003\000.\0005\000\040\000M\000\363\000d\000u\000l\000o\000\040\000I\000n\000f\000o\000r\000m\000a\000c\000i\000\363\000n\000\040\000d\000e\000l\000\040\000A\000I\000C\000M}{section.298}% 106
\BOOKMARK [3][-]{subsubsection.317}{\376\377\0008\000.\0003\000.\0005\000.\0001\000\040\000M\000\363\000d\000u\000l\000o\000\040\000M\000a\000p\000a\000\040\000d\000e\000l\000\040\000A\000I\000C\000M}{subsection.315}% 107
\BOOKMARK [3][-]{subsubsection.320}{\376\377\0008\000.\0003\000.\0005\000.\0002\000\040\000M\000\363\000d\000u\000l\000o\000\040\000S\000e\000r\000v\000i\000c\000i\000o\000s\000\040\000d\000e\000l\000\040\000A\000I\000C\000M}{subsection.315}% 108
\BOOKMARK [2][-]{subsection.322}{\376\377\0008\000.\0003\000.\0006\000\040\000M\000\363\000d\000u\000l\000o\000\040\000L\000i\000s\000t\000a\000\040\000d\000e\000\040\000E\000q\000u\000i\000p\000a\000j\000e}{section.298}% 109
\BOOKMARK [3][-]{subsubsection.324}{\376\377\0008\000.\0003\000.\0006\000.\0001\000\040\000M\000\363\000d\000u\000l\000o\000\040\000N\000u\000e\000v\000o\000\040\000E\000q\000u\000i\000p\000a\000j\000e}{subsection.322}% 110
\BOOKMARK [2][-]{subsection.326}{\376\377\0008\000.\0003\000.\0007\000\040\000M\000\363\000d\000u\000l\000o\000\040\000I\000t\000i\000n\000e\000r\000a\000r\000i\000o\000\040\000d\000e\000\040\000v\000i\000a\000j\000e}{section.298}% 111
\BOOKMARK [3][-]{subsubsection.328}{\376\377\0008\000.\0003\000.\0007\000.\0001\000\040\000M\000\363\000d\000u\000l\000o\000\040\000N\000u\000e\000v\000o\000\040\000I\000t\000i\000n\000e\000r\000a\000r\000i\000o\000\040\000d\000e\000\040\000v\000i\000a\000j\000e}{subsection.326}% 112
\BOOKMARK [2][-]{subsection.330}{\376\377\0008\000.\0003\000.\0008\000\040\000M\000\363\000d\000u\000l\000o\000\040\000R\000u\000t\000a\000\040\000a\000l\000\040\000A\000I\000C\000M}{section.298}% 113
\BOOKMARK [2][-]{subsection.336}{\376\377\0008\000.\0003\000.\0009\000\040\000M\000\363\000d\000u\000l\000o\000\040\000L\000o\000c\000a\000l\000i\000z\000a\000c\000i\000\363\000n\000\040\000d\000e\000n\000t\000r\000o\000\040\000d\000e\000l\000\040\000A\000I\000C\000M}{section.298}% 114
\BOOKMARK [2][-]{subsection.339}{\376\377\0008\000.\0003\000.\0001\0000\000\040\000M\000\363\000d\000u\000l\000o\000\040\000I\000n\000f\000o\000r\000m\000a\000c\000i\000\363\000n\000\040\000d\000e\000\040\000v\000u\000e\000l\000o}{section.298}% 115
\BOOKMARK [3][-]{subsubsection.342}{\376\377\0008\000.\0003\000.\0001\0000\000.\0001\000\040\000M\000\363\000d\000u\000l\000o\000\040\000I\000n\000f\000o\000r\000m\000a\000c\000i\000\363\000n\000\040\000d\000e\000\040\000m\000i\000\040\000v\000u\000e\000l\000o}{subsection.339}% 116
\BOOKMARK [1][-]{section.344}{\376\377\0008\000.\0004\000\040\000N\000a\000v\000e\000g\000a\000c\000i\000\363\000n\000\040\000y\000\040\000G\000e\000s\000t\000o\000s}{chapter.295}% 117
\BOOKMARK [2][-]{subsection.345}{\376\377\0008\000.\0004\000.\0001\000\040\000C\000l\000i\000c\000\040\000S\000i\000m\000p\000l\000e}{section.344}% 118
\BOOKMARK [2][-]{subsection.346}{\376\377\0008\000.\0004\000.\0002\000\040\000D\000e\000s\000p\000l\000a\000z\000a\000r}{section.344}% 119
\BOOKMARK [2][-]{subsection.347}{\376\377\0008\000.\0004\000.\0003\000\040\000D\000e\000s\000l\000i\000z\000a\000r}{section.344}% 120
\BOOKMARK [2][-]{subsection.348}{\376\377\0008\000.\0004\000.\0004\000\040\000P\000e\000l\000l\000i\000z\000c\000a\000r}{section.344}% 121
\BOOKMARK [2][-]{subsection.349}{\376\377\0008\000.\0004\000.\0005\000\040\000A\000r\000r\000a\000s\000t\000r\000a\000r}{section.344}% 122
\BOOKMARK [1][-]{section.350}{\376\377\0008\000.\0005\000\040\000S\000e\000r\000v\000i\000c\000i\000o\000s\000\040\000W\000e\000b}{chapter.295}% 123
\BOOKMARK [0][-]{chapter.351}{\376\377\0009\000\040\000P\000r\000u\000e\000b\000a\000s}{}% 124
\BOOKMARK [1][-]{section.352}{\376\377\0009\000.\0001\000\040\000P\000r\000u\000e\000b\000a\000s\000\040\000A\000p\000l\000i\000c\000a\000c\000i\000\363\000n\000\040\000m\000\363\000v\000i\000l\000\040\000T\000A\000S\000M\000C}{chapter.351}% 125
\BOOKMARK [2][-]{subsection.353}{\376\377\0009\000.\0001\000.\0001\000\040\000C\000o\000n\000f\000i\000g\000u\000r\000a\000c\000i\000\363\000n\000\040\000P\000e\000r\000s\000o\000n\000a\000l}{section.352}% 126
\BOOKMARK [2][-]{subsection.355}{\376\377\0009\000.\0001\000.\0002\000\040\000H\000o\000t\000e\000l\000e\000s}{section.352}% 127
\BOOKMARK [2][-]{subsection.357}{\376\377\0009\000.\0001\000.\0003\000\040\000V\000u\000e\000l\000o\000s}{section.352}% 128
\BOOKMARK [2][-]{subsection.359}{\376\377\0009\000.\0001\000.\0004\000\040\000I\000n\000f\000o\000\040\000A\000I\000C\000M}{section.352}% 129
\BOOKMARK [2][-]{subsection.361}{\376\377\0009\000.\0001\000.\0005\000\040\000L\000i\000s\000t\000a\000\040\000d\000e\000\040\000E\000q\000u\000i\000p\000a\000j\000e}{section.352}% 130
\BOOKMARK [2][-]{subsection.363}{\376\377\0009\000.\0001\000.\0006\000\040\000I\000t\000i\000n\000e\000r\000a\000r\000i\000o\000\040\000d\000e\000\040\000v\000i\000a\000j\000e}{section.352}% 131
\BOOKMARK [2][-]{subsection.365}{\376\377\0009\000.\0001\000.\0007\000\040\000R\000u\000t\000a\000\040\000a\000l\000\040\000A\000I\000C\000M}{section.352}% 132
\BOOKMARK [2][-]{subsection.367}{\376\377\0009\000.\0001\000.\0008\000\040\000U\000b\000\355\000c\000a\000t\000e}{section.352}% 133
\BOOKMARK [2][-]{subsection.369}{\376\377\0009\000.\0001\000.\0009\000\040\000I\000n\000f\000o\000\040\000V\000u\000e\000l\000o}{section.352}% 134
\BOOKMARK [0][-]{chapter.371}{\376\377\0001\0000\000\040\000T\000r\000a\000b\000a\000j\000o\000\040\000a\000\040\000F\000u\000t\000u\000r\000o}{}% 135
\BOOKMARK [0][-]{chapter*.372}{\376\377\000B\000i\000b\000l\000i\000o\000g\000r\000a\000f\000\355\000a}{}% 136
