\BOOKMARK [0][-]{dummy.4}{\376\377\000\315\000n\000d\000i\000c\000e\000\040\000g\000e\000n\000e\000r\000a\000l}{}% 1
\BOOKMARK [0][-]{dummy.6}{\376\377\000\315\000n\000d\000i\000c\000e\000\040\000d\000e\000\040\000f\000i\000g\000u\000r\000a\000s}{}% 2
\BOOKMARK [0][-]{dummy.8}{\376\377\000\315\000n\000d\000i\000c\000e\000\040\000d\000e\000\040\000t\000a\000b\000l\000a\000s}{}% 3
\BOOKMARK [0][-]{chapter.10}{\376\377\0001\000\040\000I\000n\000t\000r\000o\000d\000u\000c\000c\000i\000\363\000n}{}% 4
\BOOKMARK [1][-]{section.11}{\376\377\0001\000.\0001\000\040\000P\000r\000o\000b\000l\000e\000m\000\341\000t\000i\000c\000a}{chapter.10}% 5
\BOOKMARK [1][-]{section.12}{\376\377\0001\000.\0002\000\040\000S\000o\000l\000u\000c\000i\000\363\000n\000\040\000P\000r\000o\000p\000u\000e\000s\000t\000a}{chapter.10}% 6
\BOOKMARK [1][-]{section.14}{\376\377\0001\000.\0003\000\040\000A\000l\000c\000a\000n\000c\000e\000s\000\040\000y\000\040\000L\000i\000m\000i\000t\000a\000c\000i\000o\000n\000e\000s}{chapter.10}% 7
\BOOKMARK [1][-]{section.15}{\376\377\0001\000.\0004\000\040\000O\000b\000j\000e\000t\000i\000v\000o\000\040\000G\000e\000n\000e\000r\000a\000l}{chapter.10}% 8
\BOOKMARK [1][-]{section.16}{\376\377\0001\000.\0005\000\040\000O\000b\000j\000e\000t\000i\000v\000o\000s\000\040\000E\000s\000p\000e\000c\000\355\000f\000i\000c\000o\000s}{chapter.10}% 9
\BOOKMARK [1][-]{section.17}{\376\377\0001\000.\0006\000\040\000J\000u\000s\000t\000i\000f\000i\000c\000a\000c\000i\000\363\000n}{chapter.10}% 10
\BOOKMARK [0][-]{chapter.21}{\376\377\0002\000\040\000E\000s\000t\000a\000d\000o\000\040\000d\000e\000l\000\040\000A\000r\000t\000e}{}% 11
\BOOKMARK [0][-]{chapter.25}{\376\377\0003\000\040\000M\000a\000r\000c\000o\000\040\000T\000e\000\363\000r\000i\000c\000o}{}% 12
\BOOKMARK [1][-]{section.26}{\376\377\0003\000.\0001\000\040\000A\000p\000l\000i\000c\000a\000c\000i\000\363\000n\000\040\000M\000\363\000v\000i\000l}{chapter.25}% 13
\BOOKMARK [1][-]{section.27}{\376\377\0003\000.\0002\000\040\000C\000\363\000m\000p\000u\000t\000o\000\040\000M\000\363\000v\000i\000l}{chapter.25}% 14
\BOOKMARK [2][-]{subsection.28}{\376\377\0003\000.\0002\000.\0001\000\040\000C\000a\000r\000a\000c\000t\000e\000r\000\355\000s\000t\000i\000c\000a\000s\000\040\000d\000e\000\040\000l\000a\000\040\000C\000o\000m\000p\000u\000t\000a\000c\000i\000\363\000n\000\040\000M\000\363\000v\000i\000l}{section.27}% 15
\BOOKMARK [1][-]{section.29}{\376\377\0003\000.\0003\000\040\000C\000\363\000m\000p\000u\000t\000o\000\040\000U\000b\000i\000c\000u\000o}{chapter.25}% 16
\BOOKMARK [1][-]{section.31}{\376\377\0003\000.\0004\000\040\000G\000P\000S}{chapter.25}% 17
\BOOKMARK [2][-]{subsection.32}{\376\377\0003\000.\0004\000.\0001\000\040\000F\000u\000n\000c\000i\000o\000n\000a\000m\000i\000e\000n\000t\000o\000\040\000G\000P\000S}{section.31}% 18
\BOOKMARK [1][-]{section.33}{\376\377\0003\000.\0005\000\040\000I\000L\000S\000\040\000\050\000I\000n\000d\000o\000o\000r\000\040\000L\000o\000c\000a\000t\000i\000o\000n\000\040\000S\000y\000s\000t\000e\000m\000s\000\051\000\040\000S\000i\000s\000t\000e\000m\000a\000s\000\040\000d\000e\000\040\000L\000o\000c\000a\000l\000i\000z\000a\000c\000i\000\363\000n\000\040\000e\000n\000\040\000I\000n\000t\000e\000r\000i\000o\000r\000e\000s}{chapter.25}% 19
\BOOKMARK [2][-]{subsection.34}{\376\377\0003\000.\0005\000.\0001\000\040\000C\000l\000a\000s\000i\000f\000i\000c\000a\000c\000i\000\363\000n\000\040\000d\000e\000\040\000l\000o\000s\000\040\000s\000i\000s\000t\000e\000m\000a\000s\000\040\000I\000L\000S}{section.33}% 20
\BOOKMARK [2][-]{subsection.36}{\376\377\0003\000.\0005\000.\0002\000\040\000D\000i\000s\000t\000i\000n\000t\000a\000s\000\040\000s\000o\000l\000u\000c\000i\000o\000n\000e\000s\000\040\000t\000\351\000c\000n\000i\000c\000a\000s}{section.33}% 21
\BOOKMARK [3][-]{subsubsection.37}{\376\377\0003\000.\0005\000.\0002\000.\0001\000\040\000I\000d\000e\000n\000t\000i\000f\000i\000c\000a\000c\000i\000\363\000n\000\040\000p\000o\000r\000\040\000r\000a\000d\000i\000o\000f\000r\000e\000c\000u\000e\000n\000c\000i\000a}{subsection.36}% 22
\BOOKMARK [3][-]{subsubsection.38}{\376\377\0003\000.\0005\000.\0002\000.\0002\000\040\000I\000n\000f\000r\000a\000r\000r\000o\000j\000o\000s}{subsection.36}% 23
\BOOKMARK [3][-]{subsubsection.39}{\376\377\0003\000.\0005\000.\0002\000.\0003\000\040\000P\000i\000n\000p\000o\000i\000n\000t\000\040\0003\000D\000-\000I\000D\000\040\000d\000e\000\040\000R\000F\000\040\000t\000e\000c\000h\000n\000o\000l\000o\000g\000i\000e\000s}{subsection.36}% 24
\BOOKMARK [3][-]{subsubsection.40}{\376\377\0003\000.\0005\000.\0002\000.\0004\000\040\000R\000a\000d\000a\000r}{subsection.36}% 25
\BOOKMARK [3][-]{subsubsection.41}{\376\377\0003\000.\0005\000.\0002\000.\0005\000\040\000U\000l\000t\000r\000a\000s\000o\000n\000i\000d\000o\000s}{subsection.36}% 26
\BOOKMARK [3][-]{subsubsection.42}{\376\377\0003\000.\0005\000.\0002\000.\0006\000\040\000V\000i\000s\000i\000\363\000n\000\040\000A\000r\000t\000i\000f\000i\000c\000i\000a\000l}{subsection.36}% 27
\BOOKMARK [3][-]{subsubsection.43}{\376\377\0003\000.\0005\000.\0002\000.\0007\000\040\000Z\000i\000g\000b\000e\000e}{subsection.36}% 28
\BOOKMARK [3][-]{subsubsection.44}{\376\377\0003\000.\0005\000.\0002\000.\0008\000\040\000C\000a\000m\000p\000o\000\040\000M\000a\000g\000n\000\351\000t\000i\000c\000o}{subsection.36}% 29
\BOOKMARK [1][-]{section.47}{\376\377\0003\000.\0006\000\040\000S\000i\000s\000t\000e\000m\000a\000\040\000O\000p\000e\000r\000a\000t\000i\000v\000o\000\040\000M\000\363\000v\000i\000l\000\040\000A\000n\000d\000r\000o\000i\000d}{chapter.25}% 30
\BOOKMARK [2][-]{subsection.49}{\376\377\0003\000.\0006\000.\0001\000\040\000C\000a\000r\000a\000c\000t\000e\000r\000\355\000s\000t\000i\000c\000a\000s\000\040\000d\000e\000\040\000A\000n\000d\000r\000o\000i\000d}{section.47}% 31
\BOOKMARK [0][-]{chapter.50}{\376\377\0004\000\040\000M\000a\000r\000c\000o\000\040\000M\000e\000t\000o\000d\000o\000l\000\363\000g\000i\000c\000o}{}% 32
\BOOKMARK [0][-]{chapter.52}{\376\377\0005\000\040\000A\000n\000\341\000l\000i\000s\000i\000s\000\040\000G\000e\000n\000e\000r\000a\000l}{}% 33
\BOOKMARK [1][-]{section.53}{\376\377\0005\000.\0001\000\040\000E\000s\000t\000u\000d\000i\000o\000\040\000d\000e\000\040\000F\000a\000c\000t\000i\000b\000i\000l\000i\000d\000a\000d}{chapter.52}% 34
\BOOKMARK [2][-]{subsection.54}{\376\377\0005\000.\0001\000.\0001\000\040\000F\000a\000c\000t\000i\000b\000i\000l\000i\000d\000a\000d\000\040\000T\000\351\000c\000n\000i\000c\000a}{section.53}% 35
\BOOKMARK [3][-]{subsubsection.55}{\376\377\0005\000.\0001\000.\0001\000.\0001\000\040\000H\000a\000r\000d\000w\000a\000r\000e}{subsection.54}% 36
\BOOKMARK [3][-]{subsubsection.59}{\376\377\0005\000.\0001\000.\0001\000.\0002\000\040\000S\000o\000f\000t\000w\000a\000r\000e}{subsection.54}% 37
\BOOKMARK [4][-]{paragraph.60}{\376\377\0005\000.\0001\000.\0001\000.\0002\000.\0001\000\040\000S\000i\000s\000t\000e\000m\000a\000\040\000O\000p\000e\000r\000a\000t\000i\000v\000o\000\040\000M\000\363\000v\000i\000l}{subsubsection.59}% 38
\BOOKMARK [5][-]{subparagraph.62}{\376\377\0005\000.\0001\000.\0001\000.\0002\000.\0001\000.\0001\000\040\000A\000n\000d\000r\000o\000i\000d}{paragraph.60}% 39
\BOOKMARK [5][-]{subparagraph.63}{\376\377\0005\000.\0001\000.\0001\000.\0002\000.\0001\000.\0002\000\040\000V\000e\000r\000s\000i\000o\000n\000e\000s\000\040\000d\000e\000\040\000A\000n\000d\000r\000o\000i\000d}{paragraph.60}% 40
\BOOKMARK [4][-]{paragraph.66}{\376\377\0005\000.\0001\000.\0001\000.\0002\000.\0002\000\040\000L\000e\000n\000g\000u\000a\000j\000e\000\040\000d\000e\000\040\000P\000r\000o\000g\000r\000a\000m\000a\000c\000i\000\363\000n}{subsubsection.59}% 41
\BOOKMARK [4][-]{paragraph.69}{\376\377\0005\000.\0001\000.\0001\000.\0002\000.\0003\000\040\000S\000i\000s\000t\000e\000m\000a\000\040\000O\000p\000e\000r\000a\000t\000i\000v\000o\000\040\000d\000e\000\040\000E\000s\000c\000r\000i\000t\000o\000r\000i\000o}{subsubsection.59}% 42
\BOOKMARK [4][-]{paragraph.71}{\376\377\0005\000.\0001\000.\0001\000.\0002\000.\0004\000\040\000E\000n\000t\000o\000r\000n\000o\000\040\000d\000e\000\040\000D\000e\000s\000a\000r\000r\000o\000l\000l\000o\000\040\000I\000n\000t\000e\000g\000r\000a\000d\000o}{subsubsection.59}% 43
\BOOKMARK [4][-]{paragraph.74}{\376\377\0005\000.\0001\000.\0001\000.\0002\000.\0005\000\040\000H\000e\000r\000r\000a\000m\000i\000e\000n\000t\000a\000\040\000U\000M\000L}{subsubsection.59}% 44
\BOOKMARK [4][-]{paragraph.75}{\376\377\0005\000.\0001\000.\0001\000.\0002\000.\0006\000\040\000S\000i\000s\000t\000e\000m\000a\000\040\000G\000e\000s\000t\000o\000r\000\040\000d\000e\000\040\000B\000a\000s\000e\000\040\000d\000e\000\040\000D\000a\000t\000o\000s}{subsubsection.59}% 45
\BOOKMARK [4][-]{paragraph.77}{\376\377\0005\000.\0001\000.\0001\000.\0002\000.\0007\000\040\000A\000P\000I\000\040\000d\000e\000\040\000R\000u\000t\000a\000s\000\040\000d\000e\000\040\000G\000o\000o\000g\000l\000e\000\040\000M\000a\000p\000s}{subsubsection.59}% 46
\BOOKMARK [4][-]{paragraph.78}{\376\377\0005\000.\0001\000.\0001\000.\0002\000.\0008\000\040\000A\000P\000I\000\040\000d\000e\000\040\000I\000n\000d\000o\000o\000r\000A\000t\000l\000a\000s}{subsubsection.59}% 47
\BOOKMARK [4][-]{paragraph.79}{\376\377\0005\000.\0001\000.\0001\000.\0002\000.\0009\000\040\000S\000e\000r\000v\000i\000c\000i\000o\000s\000\040\000W\000e\000b\000\040\000A\000m\000a\000d\000e\000u\000s}{subsubsection.59}% 48
\BOOKMARK [2][-]{subsection.80}{\376\377\0005\000.\0001\000.\0002\000\040\000F\000a\000c\000t\000i\000b\000i\000l\000i\000d\000a\000d\000\040\000E\000c\000\363\000n\000o\000m\000i\000c\000a}{section.53}% 49
\BOOKMARK [2][-]{subsection.85}{\376\377\0005\000.\0001\000.\0003\000\040\000F\000a\000c\000t\000i\000b\000i\000l\000i\000d\000a\000d\000\040\000O\000p\000e\000r\000a\000t\000i\000v\000a}{section.53}% 50
\BOOKMARK [1][-]{section.87}{\376\377\0005\000.\0002\000\040\000A\000n\000\341\000l\000i\000s\000i\000s\000\040\000d\000e\000\040\000R\000e\000q\000u\000e\000r\000i\000m\000i\000e\000n\000t\000o\000s}{chapter.52}% 51
\BOOKMARK [2][-]{subsection.88}{\376\377\0005\000.\0002\000.\0001\000\040\000R\000e\000g\000l\000a\000s\000\040\000d\000e\000\040\000N\000e\000g\000o\000c\000i\000o}{section.87}% 52
\BOOKMARK [2][-]{subsection.90}{\376\377\0005\000.\0002\000.\0002\000\040\000R\000e\000q\000u\000e\000r\000i\000m\000i\000e\000n\000t\000o\000s\000\040\000B\000\341\000s\000i\000c\000o\000s\000\040\000\050\000R\000B\000\051}{section.87}% 53
\BOOKMARK [2][-]{subsection.92}{\376\377\0005\000.\0002\000.\0003\000\040\000R\000e\000q\000u\000e\000r\000i\000m\000i\000e\000n\000t\000o\000s\000\040\000F\000u\000n\000c\000i\000o\000n\000a\000l\000e\000s\000\040\000\050\000R\000F\000\051}{section.87}% 54
\BOOKMARK [2][-]{subsection.94}{\376\377\0005\000.\0002\000.\0004\000\040\000R\000e\000q\000u\000e\000r\000i\000m\000i\000e\000n\000t\000o\000s\000\040\000N\000o\000\040\000F\000u\000n\000c\000i\000o\000n\000a\000l\000e\000s\000\040\000\050\000R\000N\000F\000\051}{section.87}% 55
\BOOKMARK [1][-]{section.96}{\376\377\0005\000.\0003\000\040\000A\000n\000\341\000l\000i\000s\000i\000s\000\040\000d\000e\000\040\000R\000i\000e\000s\000g\000o\000s}{chapter.52}% 56
\BOOKMARK [0][-]{chapter.101}{\376\377\0006\000\040\000C\000o\000n\000f\000i\000g\000u\000r\000a\000c\000i\000\363\000n\000\040\000d\000e\000l\000\040\000A\000m\000b\000i\000e\000n\000t\000e\000\040\000d\000e\000\040\000D\000e\000s\000a\000r\000r\000o\000l\000l\000o}{}% 57
\BOOKMARK [1][-]{section.102}{\376\377\0006\000.\0001\000\040\000C\000o\000n\000f\000i\000g\000u\000r\000a\000c\000i\000\363\000n\000\040\000W\000e\000b\000\040\000S\000e\000r\000v\000i\000c\000e}{chapter.101}% 58
\BOOKMARK [1][-]{section.103}{\376\377\0006\000.\0002\000\040\000C\000o\000n\000f\000i\000g\000u\000r\000a\000c\000i\000\363\000n\000\040\000A\000p\000l\000i\000c\000a\000c\000i\000\363\000n\000\040\000M\000\363\000v\000i\000l\000\040}{chapter.101}% 59
\BOOKMARK [1][-]{section.104}{\376\377\0006\000.\0003\000\040\000C\000o\000n\000f\000i\000g\000u\000r\000a\000c\000i\000\363\000n\000\040\000B\000a\000s\000e\000\040\000d\000e\000\040\000D\000a\000t\000o\000s\000\040\000S\000Q\000L\000i\000t\000e}{chapter.101}% 60
\BOOKMARK [1][-]{section.105}{\376\377\0006\000.\0004\000\040\000C\000o\000n\000f\000i\000g\000u\000r\000a\000c\000i\000\363\000n\000\040\000G\000o\000o\000g\000l\000e\000\040\000M\000a\000p\000s\000\040\000A\000P\000I}{chapter.101}% 61
\BOOKMARK [1][-]{section.106}{\376\377\0006\000.\0005\000\040\000C\000o\000n\000f\000i\000g\000u\000r\000a\000c\000i\000\363\000n\000\040\000I\000n\000d\000o\000o\000r\000A\000t\000l\000a\000s\000\040\000A\000P\000I}{chapter.101}% 62
\BOOKMARK [1][-]{section.107}{\376\377\0006\000.\0006\000\040\000C\000o\000n\000f\000i\000g\000u\000r\000a\000c\000i\000\363\000n\000\040\000I\000D\000E}{chapter.101}% 63
\BOOKMARK [0][-]{chapter.108}{\376\377\0007\000\040\000D\000i\000s\000e\000\361\000o\000\040\000T\000A\000S\000M\000C}{}% 64
\BOOKMARK [1][-]{section.109}{\376\377\0007\000.\0001\000\040\000A\000c\000t\000o\000r\000e\000s}{chapter.108}% 65
\BOOKMARK [1][-]{section.113}{\376\377\0007\000.\0002\000\040\000C\000a\000s\000o\000s\000\040\000d\000e\000\040\000U\000s\000o\000\040\000d\000e\000l\000\040\000A\000d\000m\000i\000n\000i\000s\000t\000r\000a\000d\000o\000r}{chapter.108}% 66
\BOOKMARK [2][-]{subsection.114}{\376\377\0007\000.\0002\000.\0001\000\040\000D\000i\000a\000g\000r\000a\000m\000a\000\040\000d\000e\000\040\000C\000a\000s\000o\000s\000\040\000d\000e\000\040\000U\000s\000o\000\040\000G\000e\000n\000e\000r\000a\000l\000\040\000d\000e\000l\000\040\000A\000d\000m\000i\000n\000i\000s\000t\000r\000a\000d\000o\000r}{section.113}% 67
\BOOKMARK [2][-]{subsection.116}{\376\377\0007\000.\0002\000.\0002\000\040\000C\000a\000s\000o\000\040\000d\000e\000\040\000U\000s\000o\000\040\000G\000e\000s\000t\000i\000o\000n\000a\000r\000\040\000U\000s\000u\000a\000r\000i\000o}{section.113}% 68
\BOOKMARK [2][-]{subsection.122}{\376\377\0007\000.\0002\000.\0003\000\040\000C\000a\000s\000o\000\040\000d\000e\000\040\000U\000s\000o\000\040\000G\000e\000s\000t\000i\000o\000n\000a\000r\000\040\000E\000q\000u\000i\000p\000a\000j\000e}{section.113}% 69
\BOOKMARK [2][-]{subsection.137}{\376\377\0007\000.\0002\000.\0004\000\040\000C\000a\000s\000o\000\040\000d\000e\000\040\000U\000s\000o\000\040\000G\000e\000s\000t\000i\000o\000n\000a\000r\000\040\000S\000e\000r\000v\000i\000c\000i\000o}{section.113}% 70
\BOOKMARK [1][-]{section.144}{\376\377\0007\000.\0003\000\040\000C\000a\000s\000o\000s\000\040\000d\000e\000\040\000U\000s\000o\000\040\000d\000e\000l\000\040\000U\000s\000u\000a\000r\000i\000o}{chapter.108}% 71
\BOOKMARK [2][-]{subsection.145}{\376\377\0007\000.\0003\000.\0001\000\040\000D\000i\000a\000g\000r\000a\000m\000a\000\040\000d\000e\000\040\000C\000a\000s\000o\000s\000\040\000d\000e\000\040\000U\000s\000o\000\040\000G\000e\000n\000e\000r\000a\000l\000\040\000d\000e\000l\000\040\000U\000s\000u\000a\000r\000i\000o}{section.144}% 72
\BOOKMARK [2][-]{subsection.147}{\376\377\0007\000.\0003\000.\0002\000\040\000C\000a\000s\000o\000\040\000d\000e\000\040\000U\000s\000o\000\040\000A\000c\000t\000u\000a\000l\000i\000z\000a\000r\000\040\000D\000a\000t\000o\000s}{section.144}% 73
\BOOKMARK [2][-]{subsection.154}{\376\377\0007\000.\0003\000.\0003\000\040\000C\000a\000s\000o\000\040\000d\000e\000\040\000U\000s\000o\000\040\000C\000o\000n\000f\000i\000g\000u\000r\000a\000r\000\040\000V\000i\000a\000j\000e}{section.144}% 74
\BOOKMARK [2][-]{subsection.166}{\376\377\0007\000.\0003\000.\0004\000\040\000C\000a\000s\000o\000\040\000d\000e\000\040\000U\000s\000o\000\040\000C\000o\000n\000s\000u\000l\000t\000a\000r\000\040\000H\000o\000t\000e\000l}{section.144}% 75
\BOOKMARK [2][-]{subsection.179}{\376\377\0007\000.\0003\000.\0005\000\040\000C\000a\000s\000o\000\040\000d\000e\000\040\000U\000s\000o\000\040\000C\000o\000n\000s\000u\000l\000t\000a\000r\000\040\000V\000u\000e\000l\000o}{section.144}% 76
\BOOKMARK [2][-]{subsection.193}{\376\377\0007\000.\0003\000.\0006\000\040\000C\000a\000s\000o\000\040\000d\000e\000\040\000U\000s\000o\000\040\000C\000o\000n\000s\000u\000l\000t\000a\000r\000\040\000I\000n\000f\000o\000r\000m\000a\000c\000i\000\363\000n\000\040\000A\000I\000C\000M}{section.144}% 77
\BOOKMARK [2][-]{subsection.200}{\376\377\0007\000.\0003\000.\0007\000\040\000C\000a\000s\000o\000\040\000d\000e\000\040\000U\000s\000o\000\040\000G\000e\000s\000t\000i\000o\000n\000a\000r\000\040\000E\000q\000u\000i\000p\000a\000j\000e}{section.144}% 78
\BOOKMARK [2][-]{subsection.212}{\376\377\0007\000.\0003\000.\0008\000\040\000C\000a\000s\000o\000\040\000d\000e\000\040\000U\000s\000o\000\040\000C\000o\000n\000s\000u\000l\000t\000a\000r\000\040\000I\000t\000i\000n\000e\000r\000a\000r\000i\000o\000\040\000d\000e\000\040\000V\000i\000a\000j\000e}{section.144}% 79
\BOOKMARK [2][-]{subsection.223}{\376\377\0007\000.\0003\000.\0009\000\040\000C\000a\000s\000o\000\040\000d\000e\000\040\000U\000s\000o\000\040\000C\000o\000n\000s\000u\000l\000t\000a\000r\000\040\000R\000u\000t\000a\000\040\000c\000a\000s\000a\000-\000A\000I\000C\000M}{section.144}% 80
\BOOKMARK [2][-]{subsection.231}{\376\377\0007\000.\0003\000.\0001\0000\000\040\000C\000a\000s\000o\000\040\000d\000e\000\040\000U\000s\000o\000\040\000U\000b\000i\000c\000a\000r\000\040\000e\000n\000\040\000A\000I\000C\000M}{section.144}% 81
\BOOKMARK [2][-]{subsection.237}{\376\377\0007\000.\0003\000.\0001\0001\000\040\000C\000a\000s\000o\000\040\000d\000e\000\040\000U\000s\000o\000\040\000C\000o\000n\000s\000u\000l\000t\000a\000r\000\040\000I\000n\000f\000o\000r\000m\000a\000c\000i\000\363\000n\000\040\000d\000e\000\040\000V\000u\000e\000l\000o}{section.144}% 82
\BOOKMARK [1][-]{section.252}{\376\377\0007\000.\0004\000\040\000D\000i\000a\000g\000r\000a\000m\000a\000\040\000d\000e\000\040\000C\000l\000a\000s\000e\000s}{chapter.108}% 83
\BOOKMARK [1][-]{section.254}{\376\377\0007\000.\0005\000\040\000D\000i\000s\000e\000\361\000o\000\040\000d\000e\000\040\000E\000s\000q\000u\000e\000m\000a\000\040\000d\000e\000\040\000B\000a\000s\000e\000\040\000d\000e\000\040\000D\000a\000t\000o\000s}{chapter.108}% 84
\BOOKMARK [1][-]{section.258}{\376\377\0007\000.\0006\000\040\000D\000i\000a\000g\000r\000a\000m\000a\000s\000\040\000d\000e\000\040\000S\000e\000c\000u\000e\000n\000c\000i\000a}{chapter.108}% 85
\BOOKMARK [1][-]{section.271}{\376\377\0007\000.\0007\000\040\000D\000i\000a\000g\000r\000a\000m\000a\000\040\000d\000e\000\040\000D\000e\000s\000p\000l\000i\000e\000g\000u\000e}{chapter.108}% 86
\BOOKMARK [1][-]{section.281}{\376\377\0007\000.\0008\000\040\000D\000i\000s\000e\000\361\000o\000\040\000d\000e\000\040\000l\000a\000\040\000I\000n\000t\000e\000r\000f\000a\000z\000\040\000G\000r\000\341\000f\000i\000c\000a\000\040\000d\000e\000l\000\040\000U\000s\000u\000a\000r\000i\000o}{chapter.108}% 87
\BOOKMARK [2][-]{subsection.282}{\376\377\0007\000.\0008\000.\0001\000\040\000P\000a\000n\000t\000a\000l\000l\000a\000\040\000C\000U\000-\000U\000-\0000\0001\000-\0001\000:\000\040\000C\000o\000n\000f\000i\000g\000u\000r\000a\000r\000\040\000v\000i\000a\000j\000e}{section.281}% 88
\BOOKMARK [2][-]{subsection.284}{\376\377\0007\000.\0008\000.\0002\000\040\000P\000a\000n\000t\000a\000l\000l\000a\000\040\000C\000U\000-\000U\000-\0000\0002\000-\0001\000:\000\040\000C\000o\000n\000s\000u\000l\000t\000a\000r\000\040\000H\000o\000t\000e\000l}{section.281}% 89
\BOOKMARK [2][-]{subsection.286}{\376\377\0007\000.\0008\000.\0003\000\040\000P\000a\000n\000t\000a\000l\000l\000a\000\040\000C\000U\000-\000U\000-\0000\0003\000-\0001\000:\000\040\000C\000o\000n\000s\000u\000l\000t\000a\000r\000\040\000V\000u\000e\000l\000o}{section.281}% 90
\BOOKMARK [2][-]{subsection.288}{\376\377\0007\000.\0008\000.\0004\000\040\000P\000a\000n\000t\000a\000l\000l\000a\000\040\000C\000U\000-\000U\000-\0000\0004\000-\0001\000:\000\040\000C\000o\000n\000s\000u\000l\000t\000a\000r\000\040\000I\000n\000f\000o\000r\000m\000a\000c\000i\000\363\000n\000\040\000A\000I\000C\000M}{section.281}% 91
\BOOKMARK [2][-]{subsection.290}{\376\377\0007\000.\0008\000.\0005\000\040\000P\000a\000n\000t\000a\000l\000l\000a\000\040\000C\000U\000-\000U\000-\0000\0005\000-\0001\000:\000\040\000G\000e\000s\000t\000i\000o\000n\000a\000r\000\040\000E\000q\000u\000i\000p\000a\000j\000e}{section.281}% 92
\BOOKMARK [2][-]{subsection.292}{\376\377\0007\000.\0008\000.\0006\000\040\000P\000a\000n\000t\000a\000l\000l\000a\000\040\000C\000U\000-\000U\000-\0000\0006\000-\0001\000:\000\040\000C\000o\000n\000s\000u\000l\000t\000a\000r\000\040\000I\000t\000i\000n\000e\000r\000a\000r\000i\000o\000\040\000d\000e\000\040\000V\000i\000a\000j\000e}{section.281}% 93
\BOOKMARK [2][-]{subsection.294}{\376\377\0007\000.\0008\000.\0007\000\040\000P\000a\000n\000t\000a\000l\000l\000a\000\040\000C\000U\000-\000U\000-\0000\0007\000-\0001\000:\000\040\000C\000o\000n\000s\000u\000l\000t\000a\000r\000\040\000R\000u\000t\000a\000\040\000c\000a\000s\000a\000-\000A\000I\000C\000M}{section.281}% 94
\BOOKMARK [2][-]{subsection.296}{\376\377\0007\000.\0008\000.\0008\000\040\000P\000a\000n\000t\000a\000l\000l\000a\000\040\000C\000U\000-\000U\000-\0000\0008\000-\0001\000:\000\040\000U\000b\000i\000c\000a\000r\000\040\000e\000n\000\040\000A\000I\000C\000M}{section.281}% 95
\BOOKMARK [2][-]{subsection.298}{\376\377\0007\000.\0008\000.\0009\000\040\000P\000a\000n\000t\000a\000l\000l\000a\000\040\000C\000U\000-\000U\000-\0000\0009\000-\0001\000:\000\040\000C\000o\000n\000s\000u\000l\000t\000a\000r\000\040\000I\000n\000f\000o\000r\000m\000a\000c\000i\000\363\000n\000\040\000d\000e\000\040\000V\000u\000e\000l\000o}{section.281}% 96
\BOOKMARK [0][-]{chapter.300}{\376\377\0008\000\040\000D\000e\000s\000a\000r\000r\000o\000l\000l\000o\000\040\000e\000\040\000I\000m\000p\000l\000e\000m\000e\000n\000t\000a\000c\000i\000\363\000n\000\040\000d\000e\000l\000\040\000S\000i\000s\000t\000e\000m\000a}{}% 97
\BOOKMARK [1][-]{section.301}{\376\377\0008\000.\0001\000\040\000I\000n\000t\000r\000o\000d\000u\000c\000c\000i\000\363\000n}{chapter.300}% 98
\BOOKMARK [1][-]{section.302}{\376\377\0008\000.\0002\000\040\000A\000p\000l\000i\000c\000a\000c\000i\000\363\000n\000\040\000W\000e\000b\000\040\000\050\000S\000e\000r\000v\000i\000d\000o\000r\000\051}{chapter.300}% 99
\BOOKMARK [2][-]{subsection.303}{\376\377\0008\000.\0002\000.\0001\000\040\000G\000e\000n\000e\000r\000a\000l\000i\000d\000a\000d\000e\000s}{section.302}% 100
\BOOKMARK [2][-]{subsection.304}{\376\377\0008\000.\0002\000.\0002\000\040\000F\000u\000n\000c\000i\000o\000n\000a\000l\000i\000d\000a\000d\000e\000s}{section.302}% 101
\BOOKMARK [3][-]{subsubsection.305}{\376\377\0008\000.\0002\000.\0002\000.\0001\000\040\000I\000n\000i\000c\000i\000a\000r\000\040\000S\000e\000s\000i\000\363\000n}{subsection.304}% 102
\BOOKMARK [3][-]{subsubsection.309}{\376\377\0008\000.\0002\000.\0002\000.\0002\000\040\000G\000e\000s\000t\000i\000o\000n\000a\000r\000\040\000U\000s\000u\000a\000r\000i\000o}{subsection.304}% 103
\BOOKMARK [3][-]{subsubsection.312}{\376\377\0008\000.\0002\000.\0002\000.\0003\000\040\000G\000e\000s\000t\000i\000o\000n\000a\000r\000\040\000E\000q\000u\000i\000p\000a\000j\000e}{subsection.304}% 104
\BOOKMARK [3][-]{subsubsection.317}{\376\377\0008\000.\0002\000.\0002\000.\0004\000\040\000G\000e\000s\000t\000i\000o\000n\000a\000r\000\040\000S\000e\000r\000v\000i\000c\000i\000o}{subsection.304}% 105
\BOOKMARK [3][-]{subsubsection.320}{\376\377\0008\000.\0002\000.\0002\000.\0005\000\040\000C\000e\000r\000r\000a\000r\000\040\000S\000e\000s\000i\000\363\000n}{subsection.304}% 106
\BOOKMARK [1][-]{section.322}{\376\377\0008\000.\0003\000\040\000S\000e\000r\000v\000i\000c\000i\000o\000\040\000W\000e\000b\000\040\000T\000R\000A\000S\000O}{chapter.300}% 107
\BOOKMARK [2][-]{subsection.323}{\376\377\0008\000.\0003\000.\0001\000\040\000G\000e\000n\000e\000r\000a\000l\000i\000d\000a\000d\000e\000s}{section.322}% 108
\BOOKMARK [1][-]{section.324}{\376\377\0008\000.\0004\000\040\000A\000p\000l\000i\000c\000a\000c\000i\000\363\000n\000\040\000M\000\363\000v\000i\000l\000\040\000\050\000C\000l\000i\000e\000n\000t\000e\000\051}{chapter.300}% 109
\BOOKMARK [2][-]{subsection.325}{\376\377\0008\000.\0004\000.\0001\000\040\000N\000a\000v\000e\000g\000a\000c\000i\000\363\000n}{section.324}% 110
\BOOKMARK [2][-]{subsection.328}{\376\377\0008\000.\0004\000.\0002\000\040\000M\000\363\000d\000u\000l\000o\000\040\000C\000o\000n\000f\000i\000g\000u\000r\000a\000c\000i\000\363\000n\000\040\000d\000e\000\040\000l\000a\000\040\000a\000p\000l\000i\000c\000a\000c\000i\000\363\000n}{section.324}% 111
\BOOKMARK [2][-]{subsection.330}{\376\377\0008\000.\0004\000.\0003\000\040\000M\000\363\000d\000u\000l\000o\000\040\000H\000o\000t\000e\000l\000e\000s}{section.324}% 112
\BOOKMARK [3][-]{subsubsection.332}{\376\377\0008\000.\0004\000.\0003\000.\0001\000\040\000M\000\363\000d\000u\000l\000o\000\040\000H\000o\000t\000e\000l\000e\000s\000\040\000D\000i\000s\000p\000o\000n\000i\000b\000l\000e\000s}{subsection.330}% 113
\BOOKMARK [2][-]{subsection.335}{\376\377\0008\000.\0004\000.\0004\000\040\000M\000\363\000d\000u\000l\000o\000\040\000V\000u\000e\000l\000o\000s}{section.324}% 114
\BOOKMARK [3][-]{subsubsection.338}{\376\377\0008\000.\0004\000.\0004\000.\0001\000\040\000M\000\363\000d\000u\000l\000o\000\040\000V\000u\000e\000l\000o\000s\000\040\000D\000i\000s\000p\000o\000n\000i\000b\000l\000e\000s}{subsection.335}% 115
\BOOKMARK [2][-]{subsection.341}{\376\377\0008\000.\0004\000.\0005\000\040\000M\000\363\000d\000u\000l\000o\000\040\000I\000n\000f\000o\000r\000m\000a\000c\000i\000\363\000n\000\040\000d\000e\000l\000\040\000A\000I\000C\000M}{section.324}% 116
\BOOKMARK [3][-]{subsubsection.343}{\376\377\0008\000.\0004\000.\0005\000.\0001\000\040\000M\000\363\000d\000u\000l\000o\000\040\000M\000a\000p\000a\000\040\000d\000e\000l\000\040\000A\000I\000C\000M}{subsection.341}% 117
\BOOKMARK [3][-]{subsubsection.346}{\376\377\0008\000.\0004\000.\0005\000.\0002\000\040\000M\000\363\000d\000u\000l\000o\000\040\000S\000e\000r\000v\000i\000c\000i\000o\000s\000\040\000d\000e\000l\000\040\000A\000I\000C\000M}{subsection.341}% 118
\BOOKMARK [2][-]{subsection.348}{\376\377\0008\000.\0004\000.\0006\000\040\000M\000\363\000d\000u\000l\000o\000\040\000L\000i\000s\000t\000a\000\040\000d\000e\000\040\000E\000q\000u\000i\000p\000a\000j\000e}{section.324}% 119
\BOOKMARK [3][-]{subsubsection.350}{\376\377\0008\000.\0004\000.\0006\000.\0001\000\040\000M\000\363\000d\000u\000l\000o\000\040\000N\000u\000e\000v\000o\000\040\000E\000q\000u\000i\000p\000a\000j\000e}{subsection.348}% 120
\BOOKMARK [2][-]{subsection.352}{\376\377\0008\000.\0004\000.\0007\000\040\000M\000\363\000d\000u\000l\000o\000\040\000I\000t\000i\000n\000e\000r\000a\000r\000i\000o\000\040\000d\000e\000\040\000v\000i\000a\000j\000e}{section.324}% 121
\BOOKMARK [3][-]{subsubsection.354}{\376\377\0008\000.\0004\000.\0007\000.\0001\000\040\000M\000\363\000d\000u\000l\000o\000\040\000N\000u\000e\000v\000o\000\040\000I\000t\000i\000n\000e\000r\000a\000r\000i\000o\000\040\000d\000e\000\040\000v\000i\000a\000j\000e}{subsection.352}% 122
\BOOKMARK [2][-]{subsection.356}{\376\377\0008\000.\0004\000.\0008\000\040\000M\000\363\000d\000u\000l\000o\000\040\000R\000u\000t\000a\000\040\000a\000l\000\040\000A\000I\000C\000M}{section.324}% 123
\BOOKMARK [2][-]{subsection.362}{\376\377\0008\000.\0004\000.\0009\000\040\000M\000\363\000d\000u\000l\000o\000\040\000L\000o\000c\000a\000l\000i\000z\000a\000c\000i\000\363\000n\000\040\000d\000e\000n\000t\000r\000o\000\040\000d\000e\000l\000\040\000A\000I\000C\000M}{section.324}% 124
\BOOKMARK [2][-]{subsection.365}{\376\377\0008\000.\0004\000.\0001\0000\000\040\000M\000\363\000d\000u\000l\000o\000\040\000I\000n\000f\000o\000r\000m\000a\000c\000i\000\363\000n\000\040\000d\000e\000\040\000v\000u\000e\000l\000o}{section.324}% 125
\BOOKMARK [3][-]{subsubsection.368}{\376\377\0008\000.\0004\000.\0001\0000\000.\0001\000\040\000M\000\363\000d\000u\000l\000o\000\040\000I\000n\000f\000o\000r\000m\000a\000c\000i\000\363\000n\000\040\000d\000e\000\040\000m\000i\000\040\000v\000u\000e\000l\000o}{subsection.365}% 126
\BOOKMARK [1][-]{section.370}{\376\377\0008\000.\0005\000\040\000N\000a\000v\000e\000g\000a\000c\000i\000\363\000n\000\040\000y\000\040\000G\000e\000s\000t\000o\000s}{chapter.300}% 127
\BOOKMARK [2][-]{subsection.371}{\376\377\0008\000.\0005\000.\0001\000\040\000C\000l\000i\000c\000\040\000S\000i\000m\000p\000l\000e}{section.370}% 128
\BOOKMARK [2][-]{subsection.372}{\376\377\0008\000.\0005\000.\0002\000\040\000D\000e\000s\000p\000l\000a\000z\000a\000r}{section.370}% 129
\BOOKMARK [2][-]{subsection.373}{\376\377\0008\000.\0005\000.\0003\000\040\000D\000e\000s\000l\000i\000z\000a\000r}{section.370}% 130
\BOOKMARK [2][-]{subsection.374}{\376\377\0008\000.\0005\000.\0004\000\040\000P\000e\000l\000l\000i\000z\000c\000a\000r}{section.370}% 131
\BOOKMARK [2][-]{subsection.375}{\376\377\0008\000.\0005\000.\0005\000\040\000A\000r\000r\000a\000s\000t\000r\000a\000r}{section.370}% 132
\BOOKMARK [0][-]{chapter.376}{\376\377\0009\000\040\000P\000r\000u\000e\000b\000a\000s}{}% 133
\BOOKMARK [1][-]{section.377}{\376\377\0009\000.\0001\000\040\000P\000r\000u\000e\000b\000a\000s\000\040\000d\000e\000\040\000C\000a\000s\000o\000s\000\040\000d\000e\000\040\000U\000s\000o\000\040\000p\000r\000i\000n\000c\000i\000p\000a\000l\000e\000s}{chapter.376}% 134
\BOOKMARK [2][-]{subsection.378}{\376\377\0009\000.\0001\000.\0001\000\040\000C\000o\000n\000f\000i\000g\000u\000r\000a\000c\000i\000\363\000n\000\040\000P\000e\000r\000s\000o\000n\000a\000l}{section.377}% 135
\BOOKMARK [2][-]{subsection.380}{\376\377\0009\000.\0001\000.\0002\000\040\000H\000o\000t\000e\000l\000e\000s}{section.377}% 136
\BOOKMARK [2][-]{subsection.382}{\376\377\0009\000.\0001\000.\0003\000\040\000V\000u\000e\000l\000o\000s}{section.377}% 137
\BOOKMARK [2][-]{subsection.384}{\376\377\0009\000.\0001\000.\0004\000\040\000I\000n\000f\000o\000\040\000A\000I\000C\000M}{section.377}% 138
\BOOKMARK [2][-]{subsection.386}{\376\377\0009\000.\0001\000.\0005\000\040\000L\000i\000s\000t\000a\000\040\000d\000e\000\040\000E\000q\000u\000i\000p\000a\000j\000e}{section.377}% 139
\BOOKMARK [2][-]{subsection.388}{\376\377\0009\000.\0001\000.\0006\000\040\000I\000t\000i\000n\000e\000r\000a\000r\000i\000o\000\040\000d\000e\000\040\000v\000i\000a\000j\000e}{section.377}% 140
\BOOKMARK [2][-]{subsection.390}{\376\377\0009\000.\0001\000.\0007\000\040\000R\000u\000t\000a\000\040\000a\000l\000\040\000A\000I\000C\000M}{section.377}% 141
\BOOKMARK [2][-]{subsection.392}{\376\377\0009\000.\0001\000.\0008\000\040\000U\000b\000\355\000c\000a\000t\000e}{section.377}% 142
\BOOKMARK [2][-]{subsection.394}{\376\377\0009\000.\0001\000.\0009\000\040\000I\000n\000f\000o\000\040\000V\000u\000e\000l\000o}{section.377}% 143
\BOOKMARK [1][-]{section.396}{\376\377\0009\000.\0002\000\040\000P\000r\000u\000e\000b\000a\000s\000\040\000A\000p\000l\000i\000c\000a\000c\000i\000\363\000n\000\040\000m\000\363\000v\000i\000l\000\040\000T\000A\000S\000M\000C}{chapter.376}% 144
\BOOKMARK [2][-]{subsection.397}{\376\377\0009\000.\0002\000.\0001\000\040\000O\000b\000t\000e\000n\000c\000i\000\363\000n\000\040\000d\000e\000\040\000r\000u\000t\000a\000s}{section.396}% 145
\BOOKMARK [2][-]{subsection.400}{\376\377\0009\000.\0002\000.\0002\000\040\000A\000c\000t\000u\000a\000l\000i\000z\000a\000c\000i\000\363\000n\000\040\000d\000e\000\040\000i\000n\000f\000o\000r\000m\000a\000c\000i\000\363\000n\000\040\000d\000e\000\040\000h\000o\000t\000e\000l\000e\000s\000\040\000d\000i\000s\000p\000o\000n\000i\000b\000l\000e\000s}{section.396}% 146
\BOOKMARK [2][-]{subsection.402}{\376\377\0009\000.\0002\000.\0003\000\040\000A\000c\000t\000u\000a\000l\000i\000z\000a\000c\000i\000\363\000n\000\040\000d\000e\000\040\000i\000n\000f\000o\000r\000m\000a\000c\000i\000\363\000n\000\040\000d\000e\000\040\000v\000u\000e\000l\000o\000s\000\040\000d\000i\000s\000p\000o\000n\000i\000b\000l\000e\000s}{section.396}% 147
\BOOKMARK [2][-]{subsection.405}{\376\377\0009\000.\0002\000.\0004\000\040\000P\000r\000u\000e\000b\000a\000s\000\040\000d\000e\000\040\000t\000r\000a\000y\000e\000c\000t\000o\000r\000i\000a\000s\000\040\000p\000a\000r\000a\000\040\000l\000a\000\040\000l\000o\000c\000a\000l\000i\000z\000a\000c\000i\000\363\000n\000\040\000d\000e\000n\000t\000r\000o\000\040\000d\000e\000l\000\040\000A\000I\000C\000M}{section.396}% 148
\BOOKMARK [2][-]{subsection.406}{\376\377\0009\000.\0002\000.\0005\000\040\000T\000r\000a\000y\000e\000c\000t\000o\000r\000i\000a\000\040\000r\000e\000d\000u\000n\000d\000a\000n\000t\000e}{section.396}% 149
\BOOKMARK [2][-]{subsection.408}{\376\377\0009\000.\0002\000.\0006\000\040\000T\000r\000a\000y\000e\000c\000t\000o\000r\000i\000a\000\040\000z\000i\000g\000z\000a\000g}{section.396}% 150
\BOOKMARK [2][-]{subsection.410}{\376\377\0009\000.\0002\000.\0007\000\040\000T\000r\000a\000y\000e\000c\000t\000o\000r\000i\000a\000\040\000m\000e\000d\000i\000o\000\040\000b\000a\000c\000k\000b\000o\000n\000e}{section.396}% 151
\BOOKMARK [2][-]{subsection.412}{\376\377\0009\000.\0002\000.\0008\000\040\000T\000r\000a\000y\000e\000c\000t\000o\000r\000i\000a\000\040\000b\000a\000c\000k\000b\000o\000n\000e}{section.396}% 152
\BOOKMARK [0][-]{chapter.416}{\376\377\0001\0000\000\040\000T\000r\000a\000b\000a\000j\000o\000\040\000a\000\040\000F\000u\000t\000u\000r\000o}{}% 153
\BOOKMARK [0][-]{chapter*.417}{\376\377\000B\000i\000b\000l\000i\000o\000g\000r\000a\000f\000\355\000a}{}% 154
